<?xml version="1.0" encoding="UTF-8"?>
<testng-results skipped="0" failed="76" total="405" passed="329">
  <reporter-output>
  </reporter-output>
  <suite name="Default suite" duration-ms="3588" started-at="2015-08-13T16:45:50Z" finished-at="2015-08-13T16:45:53Z">
    <groups>
    </groups>
    <test name="Default test" duration-ms="3588" started-at="2015-08-13T16:45:50Z" finished-at="2015-08-13T16:45:53Z">
      <class name="EListTestNG">
        <test-method status="PASS" signature="Get_0(EList)[pri:0, instance:EListTestNG@7badb8c8]" name="Get_0" duration-ms="26" started-at="2015-08-13T19:45:50Z" data-provider="getData" finished-at="2015-08-13T19:45:50Z">
          <params>
            <param index="0">
              <value>
                <![CDATA[AList0@634a988]]>
              </value>
            </param>
          </params>
          <exception class="ListIsEmptyException">
            <full-stacktrace>
              <![CDATA[ListIsEmptyException
	at AList0.get(AList0.java:46)
	at EListTestNG.Get_0(EListTestNG.java:92)
	at sun.reflect.NativeMethodAccessorImpl.invoke0(Native Method)
	at sun.reflect.NativeMethodAccessorImpl.invoke(Unknown Source)
	at sun.reflect.DelegatingMethodAccessorImpl.invoke(Unknown Source)
	at java.lang.reflect.Method.invoke(Unknown Source)
	at org.testng.internal.MethodInvocationHelper.invokeMethod(MethodInvocationHelper.java:85)
	at org.testng.internal.Invoker.invokeMethod(Invoker.java:648)
	at org.testng.internal.Invoker.invokeTestMethod(Invoker.java:834)
	at org.testng.internal.Invoker.invokeTestMethods(Invoker.java:1142)
	at org.testng.internal.TestMethodWorker.invokeTestMethods(TestMethodWorker.java:124)
	at org.testng.internal.TestMethodWorker.run(TestMethodWorker.java:108)
	at org.testng.TestRunner.privateRun(TestRunner.java:771)
	at org.testng.TestRunner.run(TestRunner.java:621)
	at org.testng.SuiteRunner.runTest(SuiteRunner.java:357)
	at org.testng.SuiteRunner.runSequentially(SuiteRunner.java:352)
	at org.testng.SuiteRunner.privateRun(SuiteRunner.java:310)
	at org.testng.SuiteRunner.run(SuiteRunner.java:259)
	at org.testng.SuiteRunnerWorker.runSuite(SuiteRunnerWorker.java:52)
	at org.testng.SuiteRunnerWorker.run(SuiteRunnerWorker.java:86)
	at org.testng.TestNG.runSuitesSequentially(TestNG.java:1176)
	at org.testng.TestNG.runSuitesLocally(TestNG.java:1101)
	at org.testng.TestNG.run(TestNG.java:1009)
	at org.testng.remote.RemoteTestNG.run(RemoteTestNG.java:111)
	at org.testng.remote.RemoteTestNG.initAndRun(RemoteTestNG.java:204)
	at org.testng.remote.RemoteTestNG.main(RemoteTestNG.java:175)
]]>
            </full-stacktrace>
          </exception> <!-- ListIsEmptyException -->
          <reporter-output>
          </reporter-output>
        </test-method> <!-- Get_0 -->
        <test-method status="PASS" signature="Get_0(EList)[pri:0, instance:EListTestNG@7badb8c8]" name="Get_0" duration-ms="2" started-at="2015-08-13T19:45:50Z" data-provider="getData" finished-at="2015-08-13T19:45:50Z">
          <params>
            <param index="0">
              <value>
                <![CDATA[AList1@b0df6fe]]>
              </value>
            </param>
          </params>
          <exception class="ListIsEmptyException">
            <full-stacktrace>
              <![CDATA[ListIsEmptyException
	at AList1.get(AList1.java:59)
	at EListTestNG.Get_0(EListTestNG.java:92)
	at sun.reflect.NativeMethodAccessorImpl.invoke0(Native Method)
	at sun.reflect.NativeMethodAccessorImpl.invoke(Unknown Source)
	at sun.reflect.DelegatingMethodAccessorImpl.invoke(Unknown Source)
	at java.lang.reflect.Method.invoke(Unknown Source)
	at org.testng.internal.MethodInvocationHelper.invokeMethod(MethodInvocationHelper.java:85)
	at org.testng.internal.Invoker.invokeMethod(Invoker.java:648)
	at org.testng.internal.Invoker.invokeTestMethod(Invoker.java:834)
	at org.testng.internal.Invoker.invokeTestMethods(Invoker.java:1142)
	at org.testng.internal.TestMethodWorker.invokeTestMethods(TestMethodWorker.java:124)
	at org.testng.internal.TestMethodWorker.run(TestMethodWorker.java:108)
	at org.testng.TestRunner.privateRun(TestRunner.java:771)
	at org.testng.TestRunner.run(TestRunner.java:621)
	at org.testng.SuiteRunner.runTest(SuiteRunner.java:357)
	at org.testng.SuiteRunner.runSequentially(SuiteRunner.java:352)
	at org.testng.SuiteRunner.privateRun(SuiteRunner.java:310)
	at org.testng.SuiteRunner.run(SuiteRunner.java:259)
	at org.testng.SuiteRunnerWorker.runSuite(SuiteRunnerWorker.java:52)
	at org.testng.SuiteRunnerWorker.run(SuiteRunnerWorker.java:86)
	at org.testng.TestNG.runSuitesSequentially(TestNG.java:1176)
	at org.testng.TestNG.runSuitesLocally(TestNG.java:1101)
	at org.testng.TestNG.run(TestNG.java:1009)
	at org.testng.remote.RemoteTestNG.run(RemoteTestNG.java:111)
	at org.testng.remote.RemoteTestNG.initAndRun(RemoteTestNG.java:204)
	at org.testng.remote.RemoteTestNG.main(RemoteTestNG.java:175)
]]>
            </full-stacktrace>
          </exception> <!-- ListIsEmptyException -->
          <reporter-output>
          </reporter-output>
        </test-method> <!-- Get_0 -->
        <test-method status="PASS" signature="Get_0(EList)[pri:0, instance:EListTestNG@7badb8c8]" name="Get_0" duration-ms="1" started-at="2015-08-13T19:45:50Z" data-provider="getData" finished-at="2015-08-13T19:45:50Z">
          <params>
            <param index="0">
              <value>
                <![CDATA[AList2@164c786e]]>
              </value>
            </param>
          </params>
          <exception class="ListIsEmptyException">
            <full-stacktrace>
              <![CDATA[ListIsEmptyException
	at AList2.get(AList2.java:68)
	at EListTestNG.Get_0(EListTestNG.java:92)
	at sun.reflect.NativeMethodAccessorImpl.invoke0(Native Method)
	at sun.reflect.NativeMethodAccessorImpl.invoke(Unknown Source)
	at sun.reflect.DelegatingMethodAccessorImpl.invoke(Unknown Source)
	at java.lang.reflect.Method.invoke(Unknown Source)
	at org.testng.internal.MethodInvocationHelper.invokeMethod(MethodInvocationHelper.java:85)
	at org.testng.internal.Invoker.invokeMethod(Invoker.java:648)
	at org.testng.internal.Invoker.invokeTestMethod(Invoker.java:834)
	at org.testng.internal.Invoker.invokeTestMethods(Invoker.java:1142)
	at org.testng.internal.TestMethodWorker.invokeTestMethods(TestMethodWorker.java:124)
	at org.testng.internal.TestMethodWorker.run(TestMethodWorker.java:108)
	at org.testng.TestRunner.privateRun(TestRunner.java:771)
	at org.testng.TestRunner.run(TestRunner.java:621)
	at org.testng.SuiteRunner.runTest(SuiteRunner.java:357)
	at org.testng.SuiteRunner.runSequentially(SuiteRunner.java:352)
	at org.testng.SuiteRunner.privateRun(SuiteRunner.java:310)
	at org.testng.SuiteRunner.run(SuiteRunner.java:259)
	at org.testng.SuiteRunnerWorker.runSuite(SuiteRunnerWorker.java:52)
	at org.testng.SuiteRunnerWorker.run(SuiteRunnerWorker.java:86)
	at org.testng.TestNG.runSuitesSequentially(TestNG.java:1176)
	at org.testng.TestNG.runSuitesLocally(TestNG.java:1101)
	at org.testng.TestNG.run(TestNG.java:1009)
	at org.testng.remote.RemoteTestNG.run(RemoteTestNG.java:111)
	at org.testng.remote.RemoteTestNG.initAndRun(RemoteTestNG.java:204)
	at org.testng.remote.RemoteTestNG.main(RemoteTestNG.java:175)
]]>
            </full-stacktrace>
          </exception> <!-- ListIsEmptyException -->
          <reporter-output>
          </reporter-output>
        </test-method> <!-- Get_0 -->
        <test-method status="PASS" signature="Get_0(EList)[pri:0, instance:EListTestNG@7badb8c8]" name="Get_0" duration-ms="0" started-at="2015-08-13T19:45:50Z" data-provider="getData" finished-at="2015-08-13T19:45:50Z">
          <params>
            <param index="0">
              <value>
                <![CDATA[LList1@107ad736]]>
              </value>
            </param>
          </params>
          <exception class="ListIsEmptyException">
            <full-stacktrace>
              <![CDATA[ListIsEmptyException
	at LList1.get(LList1.java:353)
	at EListTestNG.Get_0(EListTestNG.java:92)
	at sun.reflect.NativeMethodAccessorImpl.invoke0(Native Method)
	at sun.reflect.NativeMethodAccessorImpl.invoke(Unknown Source)
	at sun.reflect.DelegatingMethodAccessorImpl.invoke(Unknown Source)
	at java.lang.reflect.Method.invoke(Unknown Source)
	at org.testng.internal.MethodInvocationHelper.invokeMethod(MethodInvocationHelper.java:85)
	at org.testng.internal.Invoker.invokeMethod(Invoker.java:648)
	at org.testng.internal.Invoker.invokeTestMethod(Invoker.java:834)
	at org.testng.internal.Invoker.invokeTestMethods(Invoker.java:1142)
	at org.testng.internal.TestMethodWorker.invokeTestMethods(TestMethodWorker.java:124)
	at org.testng.internal.TestMethodWorker.run(TestMethodWorker.java:108)
	at org.testng.TestRunner.privateRun(TestRunner.java:771)
	at org.testng.TestRunner.run(TestRunner.java:621)
	at org.testng.SuiteRunner.runTest(SuiteRunner.java:357)
	at org.testng.SuiteRunner.runSequentially(SuiteRunner.java:352)
	at org.testng.SuiteRunner.privateRun(SuiteRunner.java:310)
	at org.testng.SuiteRunner.run(SuiteRunner.java:259)
	at org.testng.SuiteRunnerWorker.runSuite(SuiteRunnerWorker.java:52)
	at org.testng.SuiteRunnerWorker.run(SuiteRunnerWorker.java:86)
	at org.testng.TestNG.runSuitesSequentially(TestNG.java:1176)
	at org.testng.TestNG.runSuitesLocally(TestNG.java:1101)
	at org.testng.TestNG.run(TestNG.java:1009)
	at org.testng.remote.RemoteTestNG.run(RemoteTestNG.java:111)
	at org.testng.remote.RemoteTestNG.initAndRun(RemoteTestNG.java:204)
	at org.testng.remote.RemoteTestNG.main(RemoteTestNG.java:175)
]]>
            </full-stacktrace>
          </exception> <!-- ListIsEmptyException -->
          <reporter-output>
          </reporter-output>
        </test-method> <!-- Get_0 -->
        <test-method status="FAIL" signature="Get_0(EList)[pri:0, instance:EListTestNG@7badb8c8]" name="Get_0" duration-ms="5" started-at="2015-08-13T19:45:50Z" data-provider="getData" finished-at="2015-08-13T19:45:50Z">
          <params>
            <param index="0">
              <value>
                <![CDATA[LList2@75f172aa]]>
              </value>
            </param>
          </params>
          <exception class="java.lang.NullPointerException">
            <full-stacktrace>
              <![CDATA[java.lang.NullPointerException
	at LList2.get(LList2.java:419)
	at EListTestNG.Get_0(EListTestNG.java:92)
	at sun.reflect.NativeMethodAccessorImpl.invoke0(Native Method)
	at sun.reflect.NativeMethodAccessorImpl.invoke(Unknown Source)
	at sun.reflect.DelegatingMethodAccessorImpl.invoke(Unknown Source)
	at java.lang.reflect.Method.invoke(Unknown Source)
	at org.testng.internal.MethodInvocationHelper.invokeMethod(MethodInvocationHelper.java:85)
	at org.testng.internal.Invoker.invokeMethod(Invoker.java:648)
	at org.testng.internal.Invoker.invokeTestMethod(Invoker.java:834)
	at org.testng.internal.Invoker.invokeTestMethods(Invoker.java:1142)
	at org.testng.internal.TestMethodWorker.invokeTestMethods(TestMethodWorker.java:124)
	at org.testng.internal.TestMethodWorker.run(TestMethodWorker.java:108)
	at org.testng.TestRunner.privateRun(TestRunner.java:771)
	at org.testng.TestRunner.run(TestRunner.java:621)
	at org.testng.SuiteRunner.runTest(SuiteRunner.java:357)
	at org.testng.SuiteRunner.runSequentially(SuiteRunner.java:352)
	at org.testng.SuiteRunner.privateRun(SuiteRunner.java:310)
	at org.testng.SuiteRunner.run(SuiteRunner.java:259)
	at org.testng.SuiteRunnerWorker.runSuite(SuiteRunnerWorker.java:52)
	at org.testng.SuiteRunnerWorker.run(SuiteRunnerWorker.java:86)
	at org.testng.TestNG.runSuitesSequentially(TestNG.java:1176)
	at org.testng.TestNG.runSuitesLocally(TestNG.java:1101)
	at org.testng.TestNG.run(TestNG.java:1009)
	at org.testng.remote.RemoteTestNG.run(RemoteTestNG.java:111)
	at org.testng.remote.RemoteTestNG.initAndRun(RemoteTestNG.java:204)
	at org.testng.remote.RemoteTestNG.main(RemoteTestNG.java:175)
]]>
            </full-stacktrace>
          </exception> <!-- java.lang.NullPointerException -->
          <reporter-output>
          </reporter-output>
        </test-method> <!-- Get_0 -->
        <test-method status="PASS" signature="Get_1(EList)[pri:0, instance:EListTestNG@7badb8c8]" name="Get_1" duration-ms="9" started-at="2015-08-13T19:45:50Z" data-provider="getData" finished-at="2015-08-13T19:45:50Z">
          <params>
            <param index="0">
              <value>
                <![CDATA[AList0@766c3bde]]>
              </value>
            </param>
          </params>
          <reporter-output>
          </reporter-output>
        </test-method> <!-- Get_1 -->
        <test-method status="PASS" signature="Get_1(EList)[pri:0, instance:EListTestNG@7badb8c8]" name="Get_1" duration-ms="0" started-at="2015-08-13T19:45:50Z" data-provider="getData" finished-at="2015-08-13T19:45:50Z">
          <params>
            <param index="0">
              <value>
                <![CDATA[AList1@7561ab68]]>
              </value>
            </param>
          </params>
          <reporter-output>
          </reporter-output>
        </test-method> <!-- Get_1 -->
        <test-method status="PASS" signature="Get_1(EList)[pri:0, instance:EListTestNG@7badb8c8]" name="Get_1" duration-ms="1" started-at="2015-08-13T19:45:50Z" data-provider="getData" finished-at="2015-08-13T19:45:50Z">
          <params>
            <param index="0">
              <value>
                <![CDATA[AList2@696564b8]]>
              </value>
            </param>
          </params>
          <reporter-output>
          </reporter-output>
        </test-method> <!-- Get_1 -->
        <test-method status="PASS" signature="Get_1(EList)[pri:0, instance:EListTestNG@7badb8c8]" name="Get_1" duration-ms="12" started-at="2015-08-13T19:45:50Z" data-provider="getData" finished-at="2015-08-13T19:45:50Z">
          <params>
            <param index="0">
              <value>
                <![CDATA[LList1@39757c6f]]>
              </value>
            </param>
          </params>
          <reporter-output>
          </reporter-output>
        </test-method> <!-- Get_1 -->
        <test-method status="PASS" signature="Get_1(EList)[pri:0, instance:EListTestNG@7badb8c8]" name="Get_1" duration-ms="1" started-at="2015-08-13T19:45:50Z" data-provider="getData" finished-at="2015-08-13T19:45:50Z">
          <params>
            <param index="0">
              <value>
                <![CDATA[LList2@24190388]]>
              </value>
            </param>
          </params>
          <reporter-output>
          </reporter-output>
        </test-method> <!-- Get_1 -->
        <test-method status="PASS" signature="Get_2(EList)[pri:0, instance:EListTestNG@7badb8c8]" name="Get_2" duration-ms="10" started-at="2015-08-13T19:45:50Z" data-provider="getData" finished-at="2015-08-13T19:45:50Z">
          <params>
            <param index="0">
              <value>
                <![CDATA[AList0@5c71b273]]>
              </value>
            </param>
          </params>
          <reporter-output>
          </reporter-output>
        </test-method> <!-- Get_2 -->
        <test-method status="PASS" signature="Get_2(EList)[pri:0, instance:EListTestNG@7badb8c8]" name="Get_2" duration-ms="1" started-at="2015-08-13T19:45:50Z" data-provider="getData" finished-at="2015-08-13T19:45:50Z">
          <params>
            <param index="0">
              <value>
                <![CDATA[AList1@61cc1457]]>
              </value>
            </param>
          </params>
          <reporter-output>
          </reporter-output>
        </test-method> <!-- Get_2 -->
        <test-method status="PASS" signature="Get_2(EList)[pri:0, instance:EListTestNG@7badb8c8]" name="Get_2" duration-ms="1" started-at="2015-08-13T19:45:50Z" data-provider="getData" finished-at="2015-08-13T19:45:50Z">
          <params>
            <param index="0">
              <value>
                <![CDATA[AList2@6ed885d7]]>
              </value>
            </param>
          </params>
          <reporter-output>
          </reporter-output>
        </test-method> <!-- Get_2 -->
        <test-method status="PASS" signature="Get_2(EList)[pri:0, instance:EListTestNG@7badb8c8]" name="Get_2" duration-ms="0" started-at="2015-08-13T19:45:50Z" data-provider="getData" finished-at="2015-08-13T19:45:50Z">
          <params>
            <param index="0">
              <value>
                <![CDATA[LList1@4f8ef33e]]>
              </value>
            </param>
          </params>
          <reporter-output>
          </reporter-output>
        </test-method> <!-- Get_2 -->
        <test-method status="PASS" signature="Get_2(EList)[pri:0, instance:EListTestNG@7badb8c8]" name="Get_2" duration-ms="1" started-at="2015-08-13T19:45:50Z" data-provider="getData" finished-at="2015-08-13T19:45:50Z">
          <params>
            <param index="0">
              <value>
                <![CDATA[LList2@19e0f99e]]>
              </value>
            </param>
          </params>
          <reporter-output>
          </reporter-output>
        </test-method> <!-- Get_2 -->
        <test-method status="PASS" signature="Get_many(EList)[pri:0, instance:EListTestNG@7badb8c8]" name="Get_many" duration-ms="1" started-at="2015-08-13T19:45:50Z" data-provider="getData" finished-at="2015-08-13T19:45:50Z">
          <params>
            <param index="0">
              <value>
                <![CDATA[AList0@3ff9ddb5]]>
              </value>
            </param>
          </params>
          <reporter-output>
          </reporter-output>
        </test-method> <!-- Get_many -->
        <test-method status="PASS" signature="Get_many(EList)[pri:0, instance:EListTestNG@7badb8c8]" name="Get_many" duration-ms="0" started-at="2015-08-13T19:45:50Z" data-provider="getData" finished-at="2015-08-13T19:45:50Z">
          <params>
            <param index="0">
              <value>
                <![CDATA[AList1@23160d8e]]>
              </value>
            </param>
          </params>
          <reporter-output>
          </reporter-output>
        </test-method> <!-- Get_many -->
        <test-method status="PASS" signature="Get_many(EList)[pri:0, instance:EListTestNG@7badb8c8]" name="Get_many" duration-ms="1" started-at="2015-08-13T19:45:50Z" data-provider="getData" finished-at="2015-08-13T19:45:50Z">
          <params>
            <param index="0">
              <value>
                <![CDATA[AList2@379bc1bf]]>
              </value>
            </param>
          </params>
          <reporter-output>
          </reporter-output>
        </test-method> <!-- Get_many -->
        <test-method status="PASS" signature="Get_many(EList)[pri:0, instance:EListTestNG@7badb8c8]" name="Get_many" duration-ms="1" started-at="2015-08-13T19:45:50Z" data-provider="getData" finished-at="2015-08-13T19:45:50Z">
          <params>
            <param index="0">
              <value>
                <![CDATA[LList1@44365201]]>
              </value>
            </param>
          </params>
          <reporter-output>
          </reporter-output>
        </test-method> <!-- Get_many -->
        <test-method status="PASS" signature="Get_many(EList)[pri:0, instance:EListTestNG@7badb8c8]" name="Get_many" duration-ms="1" started-at="2015-08-13T19:45:50Z" data-provider="getData" finished-at="2015-08-13T19:45:50Z">
          <params>
            <param index="0">
              <value>
                <![CDATA[LList2@1d04966e]]>
              </value>
            </param>
          </params>
          <reporter-output>
          </reporter-output>
        </test-method> <!-- Get_many -->
        <test-method status="FAIL" signature="Get_null(EList)[pri:0, instance:EListTestNG@7badb8c8]" name="Get_null" duration-ms="1" started-at="2015-08-13T19:45:50Z" data-provider="getData" finished-at="2015-08-13T19:45:50Z">
          <params>
            <param index="0">
              <value>
                <![CDATA[AList0@685269ca]]>
              </value>
            </param>
          </params>
          <exception class="ListIsEmptyException">
            <full-stacktrace>
              <![CDATA[ListIsEmptyException
	at AList0.get(AList0.java:46)
	at EListTestNG.Get_null(EListTestNG.java:85)
	at sun.reflect.NativeMethodAccessorImpl.invoke0(Native Method)
	at sun.reflect.NativeMethodAccessorImpl.invoke(Unknown Source)
	at sun.reflect.DelegatingMethodAccessorImpl.invoke(Unknown Source)
	at java.lang.reflect.Method.invoke(Unknown Source)
	at org.testng.internal.MethodInvocationHelper.invokeMethod(MethodInvocationHelper.java:85)
	at org.testng.internal.Invoker.invokeMethod(Invoker.java:648)
	at org.testng.internal.Invoker.invokeTestMethod(Invoker.java:834)
	at org.testng.internal.Invoker.invokeTestMethods(Invoker.java:1142)
	at org.testng.internal.TestMethodWorker.invokeTestMethods(TestMethodWorker.java:124)
	at org.testng.internal.TestMethodWorker.run(TestMethodWorker.java:108)
	at org.testng.TestRunner.privateRun(TestRunner.java:771)
	at org.testng.TestRunner.run(TestRunner.java:621)
	at org.testng.SuiteRunner.runTest(SuiteRunner.java:357)
	at org.testng.SuiteRunner.runSequentially(SuiteRunner.java:352)
	at org.testng.SuiteRunner.privateRun(SuiteRunner.java:310)
	at org.testng.SuiteRunner.run(SuiteRunner.java:259)
	at org.testng.SuiteRunnerWorker.runSuite(SuiteRunnerWorker.java:52)
	at org.testng.SuiteRunnerWorker.run(SuiteRunnerWorker.java:86)
	at org.testng.TestNG.runSuitesSequentially(TestNG.java:1176)
	at org.testng.TestNG.runSuitesLocally(TestNG.java:1101)
	at org.testng.TestNG.run(TestNG.java:1009)
	at org.testng.remote.RemoteTestNG.run(RemoteTestNG.java:111)
	at org.testng.remote.RemoteTestNG.initAndRun(RemoteTestNG.java:204)
	at org.testng.remote.RemoteTestNG.main(RemoteTestNG.java:175)
]]>
            </full-stacktrace>
          </exception> <!-- ListIsEmptyException -->
          <reporter-output>
          </reporter-output>
        </test-method> <!-- Get_null -->
        <test-method status="FAIL" signature="Get_null(EList)[pri:0, instance:EListTestNG@7badb8c8]" name="Get_null" duration-ms="1" started-at="2015-08-13T19:45:50Z" data-provider="getData" finished-at="2015-08-13T19:45:50Z">
          <params>
            <param index="0">
              <value>
                <![CDATA[AList1@41942912]]>
              </value>
            </param>
          </params>
          <exception class="ListIsEmptyException">
            <full-stacktrace>
              <![CDATA[ListIsEmptyException
	at AList1.get(AList1.java:59)
	at EListTestNG.Get_null(EListTestNG.java:85)
	at sun.reflect.NativeMethodAccessorImpl.invoke0(Native Method)
	at sun.reflect.NativeMethodAccessorImpl.invoke(Unknown Source)
	at sun.reflect.DelegatingMethodAccessorImpl.invoke(Unknown Source)
	at java.lang.reflect.Method.invoke(Unknown Source)
	at org.testng.internal.MethodInvocationHelper.invokeMethod(MethodInvocationHelper.java:85)
	at org.testng.internal.Invoker.invokeMethod(Invoker.java:648)
	at org.testng.internal.Invoker.invokeTestMethod(Invoker.java:834)
	at org.testng.internal.Invoker.invokeTestMethods(Invoker.java:1142)
	at org.testng.internal.TestMethodWorker.invokeTestMethods(TestMethodWorker.java:124)
	at org.testng.internal.TestMethodWorker.run(TestMethodWorker.java:108)
	at org.testng.TestRunner.privateRun(TestRunner.java:771)
	at org.testng.TestRunner.run(TestRunner.java:621)
	at org.testng.SuiteRunner.runTest(SuiteRunner.java:357)
	at org.testng.SuiteRunner.runSequentially(SuiteRunner.java:352)
	at org.testng.SuiteRunner.privateRun(SuiteRunner.java:310)
	at org.testng.SuiteRunner.run(SuiteRunner.java:259)
	at org.testng.SuiteRunnerWorker.runSuite(SuiteRunnerWorker.java:52)
	at org.testng.SuiteRunnerWorker.run(SuiteRunnerWorker.java:86)
	at org.testng.TestNG.runSuitesSequentially(TestNG.java:1176)
	at org.testng.TestNG.runSuitesLocally(TestNG.java:1101)
	at org.testng.TestNG.run(TestNG.java:1009)
	at org.testng.remote.RemoteTestNG.run(RemoteTestNG.java:111)
	at org.testng.remote.RemoteTestNG.initAndRun(RemoteTestNG.java:204)
	at org.testng.remote.RemoteTestNG.main(RemoteTestNG.java:175)
]]>
            </full-stacktrace>
          </exception> <!-- ListIsEmptyException -->
          <reporter-output>
          </reporter-output>
        </test-method> <!-- Get_null -->
        <test-method status="FAIL" signature="Get_null(EList)[pri:0, instance:EListTestNG@7badb8c8]" name="Get_null" duration-ms="1" started-at="2015-08-13T19:45:50Z" data-provider="getData" finished-at="2015-08-13T19:45:50Z">
          <params>
            <param index="0">
              <value>
                <![CDATA[AList2@2a99e698]]>
              </value>
            </param>
          </params>
          <exception class="ListIsEmptyException">
            <full-stacktrace>
              <![CDATA[ListIsEmptyException
	at AList2.get(AList2.java:68)
	at EListTestNG.Get_null(EListTestNG.java:85)
	at sun.reflect.NativeMethodAccessorImpl.invoke0(Native Method)
	at sun.reflect.NativeMethodAccessorImpl.invoke(Unknown Source)
	at sun.reflect.DelegatingMethodAccessorImpl.invoke(Unknown Source)
	at java.lang.reflect.Method.invoke(Unknown Source)
	at org.testng.internal.MethodInvocationHelper.invokeMethod(MethodInvocationHelper.java:85)
	at org.testng.internal.Invoker.invokeMethod(Invoker.java:648)
	at org.testng.internal.Invoker.invokeTestMethod(Invoker.java:834)
	at org.testng.internal.Invoker.invokeTestMethods(Invoker.java:1142)
	at org.testng.internal.TestMethodWorker.invokeTestMethods(TestMethodWorker.java:124)
	at org.testng.internal.TestMethodWorker.run(TestMethodWorker.java:108)
	at org.testng.TestRunner.privateRun(TestRunner.java:771)
	at org.testng.TestRunner.run(TestRunner.java:621)
	at org.testng.SuiteRunner.runTest(SuiteRunner.java:357)
	at org.testng.SuiteRunner.runSequentially(SuiteRunner.java:352)
	at org.testng.SuiteRunner.privateRun(SuiteRunner.java:310)
	at org.testng.SuiteRunner.run(SuiteRunner.java:259)
	at org.testng.SuiteRunnerWorker.runSuite(SuiteRunnerWorker.java:52)
	at org.testng.SuiteRunnerWorker.run(SuiteRunnerWorker.java:86)
	at org.testng.TestNG.runSuitesSequentially(TestNG.java:1176)
	at org.testng.TestNG.runSuitesLocally(TestNG.java:1101)
	at org.testng.TestNG.run(TestNG.java:1009)
	at org.testng.remote.RemoteTestNG.run(RemoteTestNG.java:111)
	at org.testng.remote.RemoteTestNG.initAndRun(RemoteTestNG.java:204)
	at org.testng.remote.RemoteTestNG.main(RemoteTestNG.java:175)
]]>
            </full-stacktrace>
          </exception> <!-- ListIsEmptyException -->
          <reporter-output>
          </reporter-output>
        </test-method> <!-- Get_null -->
        <test-method status="FAIL" signature="Get_null(EList)[pri:0, instance:EListTestNG@7badb8c8]" name="Get_null" duration-ms="1" started-at="2015-08-13T19:45:50Z" data-provider="getData" finished-at="2015-08-13T19:45:50Z">
          <params>
            <param index="0">
              <value>
                <![CDATA[LList1@2ee5e48a]]>
              </value>
            </param>
          </params>
          <exception class="ListIsEmptyException">
            <full-stacktrace>
              <![CDATA[ListIsEmptyException
	at LList1.get(LList1.java:353)
	at EListTestNG.Get_null(EListTestNG.java:85)
	at sun.reflect.NativeMethodAccessorImpl.invoke0(Native Method)
	at sun.reflect.NativeMethodAccessorImpl.invoke(Unknown Source)
	at sun.reflect.DelegatingMethodAccessorImpl.invoke(Unknown Source)
	at java.lang.reflect.Method.invoke(Unknown Source)
	at org.testng.internal.MethodInvocationHelper.invokeMethod(MethodInvocationHelper.java:85)
	at org.testng.internal.Invoker.invokeMethod(Invoker.java:648)
	at org.testng.internal.Invoker.invokeTestMethod(Invoker.java:834)
	at org.testng.internal.Invoker.invokeTestMethods(Invoker.java:1142)
	at org.testng.internal.TestMethodWorker.invokeTestMethods(TestMethodWorker.java:124)
	at org.testng.internal.TestMethodWorker.run(TestMethodWorker.java:108)
	at org.testng.TestRunner.privateRun(TestRunner.java:771)
	at org.testng.TestRunner.run(TestRunner.java:621)
	at org.testng.SuiteRunner.runTest(SuiteRunner.java:357)
	at org.testng.SuiteRunner.runSequentially(SuiteRunner.java:352)
	at org.testng.SuiteRunner.privateRun(SuiteRunner.java:310)
	at org.testng.SuiteRunner.run(SuiteRunner.java:259)
	at org.testng.SuiteRunnerWorker.runSuite(SuiteRunnerWorker.java:52)
	at org.testng.SuiteRunnerWorker.run(SuiteRunnerWorker.java:86)
	at org.testng.TestNG.runSuitesSequentially(TestNG.java:1176)
	at org.testng.TestNG.runSuitesLocally(TestNG.java:1101)
	at org.testng.TestNG.run(TestNG.java:1009)
	at org.testng.remote.RemoteTestNG.run(RemoteTestNG.java:111)
	at org.testng.remote.RemoteTestNG.initAndRun(RemoteTestNG.java:204)
	at org.testng.remote.RemoteTestNG.main(RemoteTestNG.java:175)
]]>
            </full-stacktrace>
          </exception> <!-- ListIsEmptyException -->
          <reporter-output>
          </reporter-output>
        </test-method> <!-- Get_null -->
        <test-method status="PASS" signature="Get_null(EList)[pri:0, instance:EListTestNG@7badb8c8]" name="Get_null" duration-ms="1" started-at="2015-08-13T19:45:50Z" data-provider="getData" finished-at="2015-08-13T19:45:50Z">
          <params>
            <param index="0">
              <value>
                <![CDATA[LList2@53194879]]>
              </value>
            </param>
          </params>
          <exception class="java.lang.NullPointerException">
            <full-stacktrace>
              <![CDATA[java.lang.NullPointerException
	at LList2.init(LList2.java:27)
	at EListTestNG.Get_null(EListTestNG.java:84)
	at sun.reflect.NativeMethodAccessorImpl.invoke0(Native Method)
	at sun.reflect.NativeMethodAccessorImpl.invoke(Unknown Source)
	at sun.reflect.DelegatingMethodAccessorImpl.invoke(Unknown Source)
	at java.lang.reflect.Method.invoke(Unknown Source)
	at org.testng.internal.MethodInvocationHelper.invokeMethod(MethodInvocationHelper.java:85)
	at org.testng.internal.Invoker.invokeMethod(Invoker.java:648)
	at org.testng.internal.Invoker.invokeTestMethod(Invoker.java:834)
	at org.testng.internal.Invoker.invokeTestMethods(Invoker.java:1142)
	at org.testng.internal.TestMethodWorker.invokeTestMethods(TestMethodWorker.java:124)
	at org.testng.internal.TestMethodWorker.run(TestMethodWorker.java:108)
	at org.testng.TestRunner.privateRun(TestRunner.java:771)
	at org.testng.TestRunner.run(TestRunner.java:621)
	at org.testng.SuiteRunner.runTest(SuiteRunner.java:357)
	at org.testng.SuiteRunner.runSequentially(SuiteRunner.java:352)
	at org.testng.SuiteRunner.privateRun(SuiteRunner.java:310)
	at org.testng.SuiteRunner.run(SuiteRunner.java:259)
	at org.testng.SuiteRunnerWorker.runSuite(SuiteRunnerWorker.java:52)
	at org.testng.SuiteRunnerWorker.run(SuiteRunnerWorker.java:86)
	at org.testng.TestNG.runSuitesSequentially(TestNG.java:1176)
	at org.testng.TestNG.runSuitesLocally(TestNG.java:1101)
	at org.testng.TestNG.run(TestNG.java:1009)
	at org.testng.remote.RemoteTestNG.run(RemoteTestNG.java:111)
	at org.testng.remote.RemoteTestNG.initAndRun(RemoteTestNG.java:204)
	at org.testng.remote.RemoteTestNG.main(RemoteTestNG.java:175)
]]>
            </full-stacktrace>
          </exception> <!-- java.lang.NullPointerException -->
          <reporter-output>
          </reporter-output>
        </test-method> <!-- Get_null -->
        <test-method status="PASS" signature="Set_0(EList)[pri:0, instance:EListTestNG@7badb8c8]" name="Set_0" duration-ms="1" started-at="2015-08-13T19:45:50Z" data-provider="getData" finished-at="2015-08-13T19:45:50Z">
          <params>
            <param index="0">
              <value>
                <![CDATA[AList0@7c271d34]]>
              </value>
            </param>
          </params>
          <reporter-output>
          </reporter-output>
        </test-method> <!-- Set_0 -->
        <test-method status="PASS" signature="Set_0(EList)[pri:0, instance:EListTestNG@7badb8c8]" name="Set_0" duration-ms="2" started-at="2015-08-13T19:45:50Z" data-provider="getData" finished-at="2015-08-13T19:45:50Z">
          <params>
            <param index="0">
              <value>
                <![CDATA[AList1@16a51ac9]]>
              </value>
            </param>
          </params>
          <reporter-output>
          </reporter-output>
        </test-method> <!-- Set_0 -->
        <test-method status="PASS" signature="Set_0(EList)[pri:0, instance:EListTestNG@7badb8c8]" name="Set_0" duration-ms="14" started-at="2015-08-13T19:45:50Z" data-provider="getData" finished-at="2015-08-13T19:45:50Z">
          <params>
            <param index="0">
              <value>
                <![CDATA[AList2@1102b5a9]]>
              </value>
            </param>
          </params>
          <reporter-output>
          </reporter-output>
        </test-method> <!-- Set_0 -->
        <test-method status="PASS" signature="Set_0(EList)[pri:0, instance:EListTestNG@7badb8c8]" name="Set_0" duration-ms="6" started-at="2015-08-13T19:45:50Z" data-provider="getData" finished-at="2015-08-13T19:45:50Z">
          <params>
            <param index="0">
              <value>
                <![CDATA[LList1@27d198c3]]>
              </value>
            </param>
          </params>
          <reporter-output>
          </reporter-output>
        </test-method> <!-- Set_0 -->
        <test-method status="PASS" signature="Set_0(EList)[pri:0, instance:EListTestNG@7badb8c8]" name="Set_0" duration-ms="1" started-at="2015-08-13T19:45:50Z" data-provider="getData" finished-at="2015-08-13T19:45:50Z">
          <params>
            <param index="0">
              <value>
                <![CDATA[LList2@6791e08e]]>
              </value>
            </param>
          </params>
          <reporter-output>
          </reporter-output>
        </test-method> <!-- Set_0 -->
        <test-method status="PASS" signature="Set_1(EList)[pri:0, instance:EListTestNG@7badb8c8]" name="Set_1" duration-ms="1" started-at="2015-08-13T19:45:50Z" data-provider="getData" finished-at="2015-08-13T19:45:50Z">
          <params>
            <param index="0">
              <value>
                <![CDATA[AList0@2c2917dd]]>
              </value>
            </param>
          </params>
          <reporter-output>
          </reporter-output>
        </test-method> <!-- Set_1 -->
        <test-method status="PASS" signature="Set_1(EList)[pri:0, instance:EListTestNG@7badb8c8]" name="Set_1" duration-ms="1" started-at="2015-08-13T19:45:50Z" data-provider="getData" finished-at="2015-08-13T19:45:50Z">
          <params>
            <param index="0">
              <value>
                <![CDATA[AList1@97eea10]]>
              </value>
            </param>
          </params>
          <reporter-output>
          </reporter-output>
        </test-method> <!-- Set_1 -->
        <test-method status="PASS" signature="Set_1(EList)[pri:0, instance:EListTestNG@7badb8c8]" name="Set_1" duration-ms="84" started-at="2015-08-13T19:45:50Z" data-provider="getData" finished-at="2015-08-13T19:45:50Z">
          <params>
            <param index="0">
              <value>
                <![CDATA[AList2@41f4cf58]]>
              </value>
            </param>
          </params>
          <reporter-output>
          </reporter-output>
        </test-method> <!-- Set_1 -->
        <test-method status="PASS" signature="Set_1(EList)[pri:0, instance:EListTestNG@7badb8c8]" name="Set_1" duration-ms="1" started-at="2015-08-13T19:45:50Z" data-provider="getData" finished-at="2015-08-13T19:45:50Z">
          <params>
            <param index="0">
              <value>
                <![CDATA[LList1@23e5da1d]]>
              </value>
            </param>
          </params>
          <reporter-output>
          </reporter-output>
        </test-method> <!-- Set_1 -->
        <test-method status="PASS" signature="Set_1(EList)[pri:0, instance:EListTestNG@7badb8c8]" name="Set_1" duration-ms="1" started-at="2015-08-13T19:45:50Z" data-provider="getData" finished-at="2015-08-13T19:45:50Z">
          <params>
            <param index="0">
              <value>
                <![CDATA[LList2@3aacbf34]]>
              </value>
            </param>
          </params>
          <reporter-output>
          </reporter-output>
        </test-method> <!-- Set_1 -->
        <test-method status="PASS" signature="Set_2(EList)[pri:0, instance:EListTestNG@7badb8c8]" name="Set_2" duration-ms="1" started-at="2015-08-13T19:45:50Z" data-provider="getData" finished-at="2015-08-13T19:45:50Z">
          <params>
            <param index="0">
              <value>
                <![CDATA[AList0@391a1bb4]]>
              </value>
            </param>
          </params>
          <reporter-output>
          </reporter-output>
        </test-method> <!-- Set_2 -->
        <test-method status="PASS" signature="Set_2(EList)[pri:0, instance:EListTestNG@7badb8c8]" name="Set_2" duration-ms="1" started-at="2015-08-13T19:45:50Z" data-provider="getData" finished-at="2015-08-13T19:45:50Z">
          <params>
            <param index="0">
              <value>
                <![CDATA[AList1@5351660a]]>
              </value>
            </param>
          </params>
          <reporter-output>
          </reporter-output>
        </test-method> <!-- Set_2 -->
        <test-method status="PASS" signature="Set_2(EList)[pri:0, instance:EListTestNG@7badb8c8]" name="Set_2" duration-ms="1" started-at="2015-08-13T19:45:50Z" data-provider="getData" finished-at="2015-08-13T19:45:50Z">
          <params>
            <param index="0">
              <value>
                <![CDATA[AList2@275c48f7]]>
              </value>
            </param>
          </params>
          <reporter-output>
          </reporter-output>
        </test-method> <!-- Set_2 -->
        <test-method status="PASS" signature="Set_2(EList)[pri:0, instance:EListTestNG@7badb8c8]" name="Set_2" duration-ms="1" started-at="2015-08-13T19:45:50Z" data-provider="getData" finished-at="2015-08-13T19:45:50Z">
          <params>
            <param index="0">
              <value>
                <![CDATA[LList1@7bec09b0]]>
              </value>
            </param>
          </params>
          <reporter-output>
          </reporter-output>
        </test-method> <!-- Set_2 -->
        <test-method status="PASS" signature="Set_2(EList)[pri:0, instance:EListTestNG@7badb8c8]" name="Set_2" duration-ms="1" started-at="2015-08-13T19:45:50Z" data-provider="getData" finished-at="2015-08-13T19:45:50Z">
          <params>
            <param index="0">
              <value>
                <![CDATA[LList2@6eb9e588]]>
              </value>
            </param>
          </params>
          <reporter-output>
          </reporter-output>
        </test-method> <!-- Set_2 -->
        <test-method status="PASS" signature="Set_many(EList)[pri:0, instance:EListTestNG@7badb8c8]" name="Set_many" duration-ms="1" started-at="2015-08-13T19:45:50Z" data-provider="getData" finished-at="2015-08-13T19:45:50Z">
          <params>
            <param index="0">
              <value>
                <![CDATA[AList0@601edf33]]>
              </value>
            </param>
          </params>
          <reporter-output>
          </reporter-output>
        </test-method> <!-- Set_many -->
        <test-method status="PASS" signature="Set_many(EList)[pri:0, instance:EListTestNG@7badb8c8]" name="Set_many" duration-ms="1" started-at="2015-08-13T19:45:50Z" data-provider="getData" finished-at="2015-08-13T19:45:50Z">
          <params>
            <param index="0">
              <value>
                <![CDATA[AList1@7d19979e]]>
              </value>
            </param>
          </params>
          <reporter-output>
          </reporter-output>
        </test-method> <!-- Set_many -->
        <test-method status="PASS" signature="Set_many(EList)[pri:0, instance:EListTestNG@7badb8c8]" name="Set_many" duration-ms="1" started-at="2015-08-13T19:45:50Z" data-provider="getData" finished-at="2015-08-13T19:45:50Z">
          <params>
            <param index="0">
              <value>
                <![CDATA[AList2@f372a7a]]>
              </value>
            </param>
          </params>
          <reporter-output>
          </reporter-output>
        </test-method> <!-- Set_many -->
        <test-method status="PASS" signature="Set_many(EList)[pri:0, instance:EListTestNG@7badb8c8]" name="Set_many" duration-ms="1" started-at="2015-08-13T19:45:50Z" data-provider="getData" finished-at="2015-08-13T19:45:50Z">
          <params>
            <param index="0">
              <value>
                <![CDATA[LList1@6aa27760]]>
              </value>
            </param>
          </params>
          <reporter-output>
          </reporter-output>
        </test-method> <!-- Set_many -->
        <test-method status="PASS" signature="Set_many(EList)[pri:0, instance:EListTestNG@7badb8c8]" name="Set_many" duration-ms="1" started-at="2015-08-13T19:45:50Z" data-provider="getData" finished-at="2015-08-13T19:45:50Z">
          <params>
            <param index="0">
              <value>
                <![CDATA[LList2@19e7169a]]>
              </value>
            </param>
          </params>
          <reporter-output>
          </reporter-output>
        </test-method> <!-- Set_many -->
        <test-method status="FAIL" signature="Set_null(EList)[pri:0, instance:EListTestNG@7badb8c8]" name="Set_null" duration-ms="0" started-at="2015-08-13T19:45:50Z" data-provider="getData" finished-at="2015-08-13T19:45:50Z">
          <params>
            <param index="0">
              <value>
                <![CDATA[AList0@fba3c49]]>
              </value>
            </param>
          </params>
          <exception class="ListIsEmptyException">
            <full-stacktrace>
              <![CDATA[ListIsEmptyException
	at AList0.set(AList0.java:54)
	at EListTestNG.Set_null(EListTestNG.java:141)
	at sun.reflect.NativeMethodAccessorImpl.invoke0(Native Method)
	at sun.reflect.NativeMethodAccessorImpl.invoke(Unknown Source)
	at sun.reflect.DelegatingMethodAccessorImpl.invoke(Unknown Source)
	at java.lang.reflect.Method.invoke(Unknown Source)
	at org.testng.internal.MethodInvocationHelper.invokeMethod(MethodInvocationHelper.java:85)
	at org.testng.internal.Invoker.invokeMethod(Invoker.java:648)
	at org.testng.internal.Invoker.invokeTestMethod(Invoker.java:834)
	at org.testng.internal.Invoker.invokeTestMethods(Invoker.java:1142)
	at org.testng.internal.TestMethodWorker.invokeTestMethods(TestMethodWorker.java:124)
	at org.testng.internal.TestMethodWorker.run(TestMethodWorker.java:108)
	at org.testng.TestRunner.privateRun(TestRunner.java:771)
	at org.testng.TestRunner.run(TestRunner.java:621)
	at org.testng.SuiteRunner.runTest(SuiteRunner.java:357)
	at org.testng.SuiteRunner.runSequentially(SuiteRunner.java:352)
	at org.testng.SuiteRunner.privateRun(SuiteRunner.java:310)
	at org.testng.SuiteRunner.run(SuiteRunner.java:259)
	at org.testng.SuiteRunnerWorker.runSuite(SuiteRunnerWorker.java:52)
	at org.testng.SuiteRunnerWorker.run(SuiteRunnerWorker.java:86)
	at org.testng.TestNG.runSuitesSequentially(TestNG.java:1176)
	at org.testng.TestNG.runSuitesLocally(TestNG.java:1101)
	at org.testng.TestNG.run(TestNG.java:1009)
	at org.testng.remote.RemoteTestNG.run(RemoteTestNG.java:111)
	at org.testng.remote.RemoteTestNG.initAndRun(RemoteTestNG.java:204)
	at org.testng.remote.RemoteTestNG.main(RemoteTestNG.java:175)
]]>
            </full-stacktrace>
          </exception> <!-- ListIsEmptyException -->
          <reporter-output>
          </reporter-output>
        </test-method> <!-- Set_null -->
        <test-method status="FAIL" signature="Set_null(EList)[pri:0, instance:EListTestNG@7badb8c8]" name="Set_null" duration-ms="1" started-at="2015-08-13T19:45:50Z" data-provider="getData" finished-at="2015-08-13T19:45:50Z">
          <params>
            <param index="0">
              <value>
                <![CDATA[AList1@5facc36f]]>
              </value>
            </param>
          </params>
          <exception class="ListIsEmptyException">
            <full-stacktrace>
              <![CDATA[ListIsEmptyException
	at AList1.set(AList1.java:68)
	at EListTestNG.Set_null(EListTestNG.java:141)
	at sun.reflect.NativeMethodAccessorImpl.invoke0(Native Method)
	at sun.reflect.NativeMethodAccessorImpl.invoke(Unknown Source)
	at sun.reflect.DelegatingMethodAccessorImpl.invoke(Unknown Source)
	at java.lang.reflect.Method.invoke(Unknown Source)
	at org.testng.internal.MethodInvocationHelper.invokeMethod(MethodInvocationHelper.java:85)
	at org.testng.internal.Invoker.invokeMethod(Invoker.java:648)
	at org.testng.internal.Invoker.invokeTestMethod(Invoker.java:834)
	at org.testng.internal.Invoker.invokeTestMethods(Invoker.java:1142)
	at org.testng.internal.TestMethodWorker.invokeTestMethods(TestMethodWorker.java:124)
	at org.testng.internal.TestMethodWorker.run(TestMethodWorker.java:108)
	at org.testng.TestRunner.privateRun(TestRunner.java:771)
	at org.testng.TestRunner.run(TestRunner.java:621)
	at org.testng.SuiteRunner.runTest(SuiteRunner.java:357)
	at org.testng.SuiteRunner.runSequentially(SuiteRunner.java:352)
	at org.testng.SuiteRunner.privateRun(SuiteRunner.java:310)
	at org.testng.SuiteRunner.run(SuiteRunner.java:259)
	at org.testng.SuiteRunnerWorker.runSuite(SuiteRunnerWorker.java:52)
	at org.testng.SuiteRunnerWorker.run(SuiteRunnerWorker.java:86)
	at org.testng.TestNG.runSuitesSequentially(TestNG.java:1176)
	at org.testng.TestNG.runSuitesLocally(TestNG.java:1101)
	at org.testng.TestNG.run(TestNG.java:1009)
	at org.testng.remote.RemoteTestNG.run(RemoteTestNG.java:111)
	at org.testng.remote.RemoteTestNG.initAndRun(RemoteTestNG.java:204)
	at org.testng.remote.RemoteTestNG.main(RemoteTestNG.java:175)
]]>
            </full-stacktrace>
          </exception> <!-- ListIsEmptyException -->
          <reporter-output>
          </reporter-output>
        </test-method> <!-- Set_null -->
        <test-method status="FAIL" signature="Set_null(EList)[pri:0, instance:EListTestNG@7badb8c8]" name="Set_null" duration-ms="1" started-at="2015-08-13T19:45:50Z" data-provider="getData" finished-at="2015-08-13T19:45:50Z">
          <params>
            <param index="0">
              <value>
                <![CDATA[AList2@3ba0d916]]>
              </value>
            </param>
          </params>
          <exception class="ListIsEmptyException">
            <full-stacktrace>
              <![CDATA[ListIsEmptyException
	at AList2.set(AList2.java:77)
	at EListTestNG.Set_null(EListTestNG.java:141)
	at sun.reflect.NativeMethodAccessorImpl.invoke0(Native Method)
	at sun.reflect.NativeMethodAccessorImpl.invoke(Unknown Source)
	at sun.reflect.DelegatingMethodAccessorImpl.invoke(Unknown Source)
	at java.lang.reflect.Method.invoke(Unknown Source)
	at org.testng.internal.MethodInvocationHelper.invokeMethod(MethodInvocationHelper.java:85)
	at org.testng.internal.Invoker.invokeMethod(Invoker.java:648)
	at org.testng.internal.Invoker.invokeTestMethod(Invoker.java:834)
	at org.testng.internal.Invoker.invokeTestMethods(Invoker.java:1142)
	at org.testng.internal.TestMethodWorker.invokeTestMethods(TestMethodWorker.java:124)
	at org.testng.internal.TestMethodWorker.run(TestMethodWorker.java:108)
	at org.testng.TestRunner.privateRun(TestRunner.java:771)
	at org.testng.TestRunner.run(TestRunner.java:621)
	at org.testng.SuiteRunner.runTest(SuiteRunner.java:357)
	at org.testng.SuiteRunner.runSequentially(SuiteRunner.java:352)
	at org.testng.SuiteRunner.privateRun(SuiteRunner.java:310)
	at org.testng.SuiteRunner.run(SuiteRunner.java:259)
	at org.testng.SuiteRunnerWorker.runSuite(SuiteRunnerWorker.java:52)
	at org.testng.SuiteRunnerWorker.run(SuiteRunnerWorker.java:86)
	at org.testng.TestNG.runSuitesSequentially(TestNG.java:1176)
	at org.testng.TestNG.runSuitesLocally(TestNG.java:1101)
	at org.testng.TestNG.run(TestNG.java:1009)
	at org.testng.remote.RemoteTestNG.run(RemoteTestNG.java:111)
	at org.testng.remote.RemoteTestNG.initAndRun(RemoteTestNG.java:204)
	at org.testng.remote.RemoteTestNG.main(RemoteTestNG.java:175)
]]>
            </full-stacktrace>
          </exception> <!-- ListIsEmptyException -->
          <reporter-output>
          </reporter-output>
        </test-method> <!-- Set_null -->
        <test-method status="FAIL" signature="Set_null(EList)[pri:0, instance:EListTestNG@7badb8c8]" name="Set_null" duration-ms="2" started-at="2015-08-13T19:45:50Z" data-provider="getData" finished-at="2015-08-13T19:45:50Z">
          <params>
            <param index="0">
              <value>
                <![CDATA[LList1@70ea0c2a]]>
              </value>
            </param>
          </params>
          <exception class="ListIsEmptyException">
            <full-stacktrace>
              <![CDATA[ListIsEmptyException
	at LList1.set(LList1.java:335)
	at EListTestNG.Set_null(EListTestNG.java:141)
	at sun.reflect.NativeMethodAccessorImpl.invoke0(Native Method)
	at sun.reflect.NativeMethodAccessorImpl.invoke(Unknown Source)
	at sun.reflect.DelegatingMethodAccessorImpl.invoke(Unknown Source)
	at java.lang.reflect.Method.invoke(Unknown Source)
	at org.testng.internal.MethodInvocationHelper.invokeMethod(MethodInvocationHelper.java:85)
	at org.testng.internal.Invoker.invokeMethod(Invoker.java:648)
	at org.testng.internal.Invoker.invokeTestMethod(Invoker.java:834)
	at org.testng.internal.Invoker.invokeTestMethods(Invoker.java:1142)
	at org.testng.internal.TestMethodWorker.invokeTestMethods(TestMethodWorker.java:124)
	at org.testng.internal.TestMethodWorker.run(TestMethodWorker.java:108)
	at org.testng.TestRunner.privateRun(TestRunner.java:771)
	at org.testng.TestRunner.run(TestRunner.java:621)
	at org.testng.SuiteRunner.runTest(SuiteRunner.java:357)
	at org.testng.SuiteRunner.runSequentially(SuiteRunner.java:352)
	at org.testng.SuiteRunner.privateRun(SuiteRunner.java:310)
	at org.testng.SuiteRunner.run(SuiteRunner.java:259)
	at org.testng.SuiteRunnerWorker.runSuite(SuiteRunnerWorker.java:52)
	at org.testng.SuiteRunnerWorker.run(SuiteRunnerWorker.java:86)
	at org.testng.TestNG.runSuitesSequentially(TestNG.java:1176)
	at org.testng.TestNG.runSuitesLocally(TestNG.java:1101)
	at org.testng.TestNG.run(TestNG.java:1009)
	at org.testng.remote.RemoteTestNG.run(RemoteTestNG.java:111)
	at org.testng.remote.RemoteTestNG.initAndRun(RemoteTestNG.java:204)
	at org.testng.remote.RemoteTestNG.main(RemoteTestNG.java:175)
]]>
            </full-stacktrace>
          </exception> <!-- ListIsEmptyException -->
          <reporter-output>
          </reporter-output>
        </test-method> <!-- Set_null -->
        <test-method status="PASS" signature="Set_null(EList)[pri:0, instance:EListTestNG@7badb8c8]" name="Set_null" duration-ms="5" started-at="2015-08-13T19:45:50Z" data-provider="getData" finished-at="2015-08-13T19:45:50Z">
          <params>
            <param index="0">
              <value>
                <![CDATA[LList2@4b8e282c]]>
              </value>
            </param>
          </params>
          <exception class="java.lang.NullPointerException">
            <full-stacktrace>
              <![CDATA[java.lang.NullPointerException
	at LList2.init(LList2.java:27)
	at EListTestNG.Set_null(EListTestNG.java:140)
	at sun.reflect.NativeMethodAccessorImpl.invoke0(Native Method)
	at sun.reflect.NativeMethodAccessorImpl.invoke(Unknown Source)
	at sun.reflect.DelegatingMethodAccessorImpl.invoke(Unknown Source)
	at java.lang.reflect.Method.invoke(Unknown Source)
	at org.testng.internal.MethodInvocationHelper.invokeMethod(MethodInvocationHelper.java:85)
	at org.testng.internal.Invoker.invokeMethod(Invoker.java:648)
	at org.testng.internal.Invoker.invokeTestMethod(Invoker.java:834)
	at org.testng.internal.Invoker.invokeTestMethods(Invoker.java:1142)
	at org.testng.internal.TestMethodWorker.invokeTestMethods(TestMethodWorker.java:124)
	at org.testng.internal.TestMethodWorker.run(TestMethodWorker.java:108)
	at org.testng.TestRunner.privateRun(TestRunner.java:771)
	at org.testng.TestRunner.run(TestRunner.java:621)
	at org.testng.SuiteRunner.runTest(SuiteRunner.java:357)
	at org.testng.SuiteRunner.runSequentially(SuiteRunner.java:352)
	at org.testng.SuiteRunner.privateRun(SuiteRunner.java:310)
	at org.testng.SuiteRunner.run(SuiteRunner.java:259)
	at org.testng.SuiteRunnerWorker.runSuite(SuiteRunnerWorker.java:52)
	at org.testng.SuiteRunnerWorker.run(SuiteRunnerWorker.java:86)
	at org.testng.TestNG.runSuitesSequentially(TestNG.java:1176)
	at org.testng.TestNG.runSuitesLocally(TestNG.java:1101)
	at org.testng.TestNG.run(TestNG.java:1009)
	at org.testng.remote.RemoteTestNG.run(RemoteTestNG.java:111)
	at org.testng.remote.RemoteTestNG.initAndRun(RemoteTestNG.java:204)
	at org.testng.remote.RemoteTestNG.main(RemoteTestNG.java:175)
]]>
            </full-stacktrace>
          </exception> <!-- java.lang.NullPointerException -->
          <reporter-output>
          </reporter-output>
        </test-method> <!-- Set_null -->
        <test-method status="PASS" signature="maxInd_0(EList)[pri:0, instance:EListTestNG@7badb8c8]" name="maxInd_0" duration-ms="1" started-at="2015-08-13T19:45:50Z" data-provider="getData" finished-at="2015-08-13T19:45:50Z">
          <params>
            <param index="0">
              <value>
                <![CDATA[AList0@5c2c48a6]]>
              </value>
            </param>
          </params>
          <exception class="ListIsEmptyException">
            <full-stacktrace>
              <![CDATA[ListIsEmptyException
	at AList0.maxInd(AList0.java:213)
	at EListTestNG.maxInd_0(EListTestNG.java:689)
	at sun.reflect.NativeMethodAccessorImpl.invoke0(Native Method)
	at sun.reflect.NativeMethodAccessorImpl.invoke(Unknown Source)
	at sun.reflect.DelegatingMethodAccessorImpl.invoke(Unknown Source)
	at java.lang.reflect.Method.invoke(Unknown Source)
	at org.testng.internal.MethodInvocationHelper.invokeMethod(MethodInvocationHelper.java:85)
	at org.testng.internal.Invoker.invokeMethod(Invoker.java:648)
	at org.testng.internal.Invoker.invokeTestMethod(Invoker.java:834)
	at org.testng.internal.Invoker.invokeTestMethods(Invoker.java:1142)
	at org.testng.internal.TestMethodWorker.invokeTestMethods(TestMethodWorker.java:124)
	at org.testng.internal.TestMethodWorker.run(TestMethodWorker.java:108)
	at org.testng.TestRunner.privateRun(TestRunner.java:771)
	at org.testng.TestRunner.run(TestRunner.java:621)
	at org.testng.SuiteRunner.runTest(SuiteRunner.java:357)
	at org.testng.SuiteRunner.runSequentially(SuiteRunner.java:352)
	at org.testng.SuiteRunner.privateRun(SuiteRunner.java:310)
	at org.testng.SuiteRunner.run(SuiteRunner.java:259)
	at org.testng.SuiteRunnerWorker.runSuite(SuiteRunnerWorker.java:52)
	at org.testng.SuiteRunnerWorker.run(SuiteRunnerWorker.java:86)
	at org.testng.TestNG.runSuitesSequentially(TestNG.java:1176)
	at org.testng.TestNG.runSuitesLocally(TestNG.java:1101)
	at org.testng.TestNG.run(TestNG.java:1009)
	at org.testng.remote.RemoteTestNG.run(RemoteTestNG.java:111)
	at org.testng.remote.RemoteTestNG.initAndRun(RemoteTestNG.java:204)
	at org.testng.remote.RemoteTestNG.main(RemoteTestNG.java:175)
]]>
            </full-stacktrace>
          </exception> <!-- ListIsEmptyException -->
          <reporter-output>
          </reporter-output>
        </test-method> <!-- maxInd_0 -->
        <test-method status="PASS" signature="maxInd_0(EList)[pri:0, instance:EListTestNG@7badb8c8]" name="maxInd_0" duration-ms="0" started-at="2015-08-13T19:45:50Z" data-provider="getData" finished-at="2015-08-13T19:45:50Z">
          <params>
            <param index="0">
              <value>
                <![CDATA[AList1@72391879]]>
              </value>
            </param>
          </params>
          <exception class="ListIsEmptyException">
            <full-stacktrace>
              <![CDATA[ListIsEmptyException
	at AList1.maxInd(AList1.java:222)
	at EListTestNG.maxInd_0(EListTestNG.java:689)
	at sun.reflect.NativeMethodAccessorImpl.invoke0(Native Method)
	at sun.reflect.NativeMethodAccessorImpl.invoke(Unknown Source)
	at sun.reflect.DelegatingMethodAccessorImpl.invoke(Unknown Source)
	at java.lang.reflect.Method.invoke(Unknown Source)
	at org.testng.internal.MethodInvocationHelper.invokeMethod(MethodInvocationHelper.java:85)
	at org.testng.internal.Invoker.invokeMethod(Invoker.java:648)
	at org.testng.internal.Invoker.invokeTestMethod(Invoker.java:834)
	at org.testng.internal.Invoker.invokeTestMethods(Invoker.java:1142)
	at org.testng.internal.TestMethodWorker.invokeTestMethods(TestMethodWorker.java:124)
	at org.testng.internal.TestMethodWorker.run(TestMethodWorker.java:108)
	at org.testng.TestRunner.privateRun(TestRunner.java:771)
	at org.testng.TestRunner.run(TestRunner.java:621)
	at org.testng.SuiteRunner.runTest(SuiteRunner.java:357)
	at org.testng.SuiteRunner.runSequentially(SuiteRunner.java:352)
	at org.testng.SuiteRunner.privateRun(SuiteRunner.java:310)
	at org.testng.SuiteRunner.run(SuiteRunner.java:259)
	at org.testng.SuiteRunnerWorker.runSuite(SuiteRunnerWorker.java:52)
	at org.testng.SuiteRunnerWorker.run(SuiteRunnerWorker.java:86)
	at org.testng.TestNG.runSuitesSequentially(TestNG.java:1176)
	at org.testng.TestNG.runSuitesLocally(TestNG.java:1101)
	at org.testng.TestNG.run(TestNG.java:1009)
	at org.testng.remote.RemoteTestNG.run(RemoteTestNG.java:111)
	at org.testng.remote.RemoteTestNG.initAndRun(RemoteTestNG.java:204)
	at org.testng.remote.RemoteTestNG.main(RemoteTestNG.java:175)
]]>
            </full-stacktrace>
          </exception> <!-- ListIsEmptyException -->
          <reporter-output>
          </reporter-output>
        </test-method> <!-- maxInd_0 -->
        <test-method status="PASS" signature="maxInd_0(EList)[pri:0, instance:EListTestNG@7badb8c8]" name="maxInd_0" duration-ms="26" started-at="2015-08-13T19:45:50Z" data-provider="getData" finished-at="2015-08-13T19:45:50Z">
          <params>
            <param index="0">
              <value>
                <![CDATA[AList2@16a1c9f2]]>
              </value>
            </param>
          </params>
          <exception class="ListIsEmptyException">
            <full-stacktrace>
              <![CDATA[ListIsEmptyException
	at AList2.maxInd(AList2.java:214)
	at EListTestNG.maxInd_0(EListTestNG.java:689)
	at sun.reflect.NativeMethodAccessorImpl.invoke0(Native Method)
	at sun.reflect.NativeMethodAccessorImpl.invoke(Unknown Source)
	at sun.reflect.DelegatingMethodAccessorImpl.invoke(Unknown Source)
	at java.lang.reflect.Method.invoke(Unknown Source)
	at org.testng.internal.MethodInvocationHelper.invokeMethod(MethodInvocationHelper.java:85)
	at org.testng.internal.Invoker.invokeMethod(Invoker.java:648)
	at org.testng.internal.Invoker.invokeTestMethod(Invoker.java:834)
	at org.testng.internal.Invoker.invokeTestMethods(Invoker.java:1142)
	at org.testng.internal.TestMethodWorker.invokeTestMethods(TestMethodWorker.java:124)
	at org.testng.internal.TestMethodWorker.run(TestMethodWorker.java:108)
	at org.testng.TestRunner.privateRun(TestRunner.java:771)
	at org.testng.TestRunner.run(TestRunner.java:621)
	at org.testng.SuiteRunner.runTest(SuiteRunner.java:357)
	at org.testng.SuiteRunner.runSequentially(SuiteRunner.java:352)
	at org.testng.SuiteRunner.privateRun(SuiteRunner.java:310)
	at org.testng.SuiteRunner.run(SuiteRunner.java:259)
	at org.testng.SuiteRunnerWorker.runSuite(SuiteRunnerWorker.java:52)
	at org.testng.SuiteRunnerWorker.run(SuiteRunnerWorker.java:86)
	at org.testng.TestNG.runSuitesSequentially(TestNG.java:1176)
	at org.testng.TestNG.runSuitesLocally(TestNG.java:1101)
	at org.testng.TestNG.run(TestNG.java:1009)
	at org.testng.remote.RemoteTestNG.run(RemoteTestNG.java:111)
	at org.testng.remote.RemoteTestNG.initAndRun(RemoteTestNG.java:204)
	at org.testng.remote.RemoteTestNG.main(RemoteTestNG.java:175)
]]>
            </full-stacktrace>
          </exception> <!-- ListIsEmptyException -->
          <reporter-output>
          </reporter-output>
        </test-method> <!-- maxInd_0 -->
        <test-method status="PASS" signature="maxInd_0(EList)[pri:0, instance:EListTestNG@7badb8c8]" name="maxInd_0" duration-ms="0" started-at="2015-08-13T19:45:50Z" data-provider="getData" finished-at="2015-08-13T19:45:50Z">
          <params>
            <param index="0">
              <value>
                <![CDATA[LList1@300628e1]]>
              </value>
            </param>
          </params>
          <exception class="ListIsEmptyException">
            <full-stacktrace>
              <![CDATA[ListIsEmptyException
	at LList1.maxInd(LList1.java:266)
	at EListTestNG.maxInd_0(EListTestNG.java:689)
	at sun.reflect.NativeMethodAccessorImpl.invoke0(Native Method)
	at sun.reflect.NativeMethodAccessorImpl.invoke(Unknown Source)
	at sun.reflect.DelegatingMethodAccessorImpl.invoke(Unknown Source)
	at java.lang.reflect.Method.invoke(Unknown Source)
	at org.testng.internal.MethodInvocationHelper.invokeMethod(MethodInvocationHelper.java:85)
	at org.testng.internal.Invoker.invokeMethod(Invoker.java:648)
	at org.testng.internal.Invoker.invokeTestMethod(Invoker.java:834)
	at org.testng.internal.Invoker.invokeTestMethods(Invoker.java:1142)
	at org.testng.internal.TestMethodWorker.invokeTestMethods(TestMethodWorker.java:124)
	at org.testng.internal.TestMethodWorker.run(TestMethodWorker.java:108)
	at org.testng.TestRunner.privateRun(TestRunner.java:771)
	at org.testng.TestRunner.run(TestRunner.java:621)
	at org.testng.SuiteRunner.runTest(SuiteRunner.java:357)
	at org.testng.SuiteRunner.runSequentially(SuiteRunner.java:352)
	at org.testng.SuiteRunner.privateRun(SuiteRunner.java:310)
	at org.testng.SuiteRunner.run(SuiteRunner.java:259)
	at org.testng.SuiteRunnerWorker.runSuite(SuiteRunnerWorker.java:52)
	at org.testng.SuiteRunnerWorker.run(SuiteRunnerWorker.java:86)
	at org.testng.TestNG.runSuitesSequentially(TestNG.java:1176)
	at org.testng.TestNG.runSuitesLocally(TestNG.java:1101)
	at org.testng.TestNG.run(TestNG.java:1009)
	at org.testng.remote.RemoteTestNG.run(RemoteTestNG.java:111)
	at org.testng.remote.RemoteTestNG.initAndRun(RemoteTestNG.java:204)
	at org.testng.remote.RemoteTestNG.main(RemoteTestNG.java:175)
]]>
            </full-stacktrace>
          </exception> <!-- ListIsEmptyException -->
          <reporter-output>
          </reporter-output>
        </test-method> <!-- maxInd_0 -->
        <test-method status="PASS" signature="maxInd_0(EList)[pri:0, instance:EListTestNG@7badb8c8]" name="maxInd_0" duration-ms="1" started-at="2015-08-13T19:45:50Z" data-provider="getData" finished-at="2015-08-13T19:45:50Z">
          <params>
            <param index="0">
              <value>
                <![CDATA[LList2@4b8e1863]]>
              </value>
            </param>
          </params>
          <exception class="ListIsEmptyException">
            <full-stacktrace>
              <![CDATA[ListIsEmptyException
	at LList2.maxInd(LList2.java:295)
	at EListTestNG.maxInd_0(EListTestNG.java:689)
	at sun.reflect.NativeMethodAccessorImpl.invoke0(Native Method)
	at sun.reflect.NativeMethodAccessorImpl.invoke(Unknown Source)
	at sun.reflect.DelegatingMethodAccessorImpl.invoke(Unknown Source)
	at java.lang.reflect.Method.invoke(Unknown Source)
	at org.testng.internal.MethodInvocationHelper.invokeMethod(MethodInvocationHelper.java:85)
	at org.testng.internal.Invoker.invokeMethod(Invoker.java:648)
	at org.testng.internal.Invoker.invokeTestMethod(Invoker.java:834)
	at org.testng.internal.Invoker.invokeTestMethods(Invoker.java:1142)
	at org.testng.internal.TestMethodWorker.invokeTestMethods(TestMethodWorker.java:124)
	at org.testng.internal.TestMethodWorker.run(TestMethodWorker.java:108)
	at org.testng.TestRunner.privateRun(TestRunner.java:771)
	at org.testng.TestRunner.run(TestRunner.java:621)
	at org.testng.SuiteRunner.runTest(SuiteRunner.java:357)
	at org.testng.SuiteRunner.runSequentially(SuiteRunner.java:352)
	at org.testng.SuiteRunner.privateRun(SuiteRunner.java:310)
	at org.testng.SuiteRunner.run(SuiteRunner.java:259)
	at org.testng.SuiteRunnerWorker.runSuite(SuiteRunnerWorker.java:52)
	at org.testng.SuiteRunnerWorker.run(SuiteRunnerWorker.java:86)
	at org.testng.TestNG.runSuitesSequentially(TestNG.java:1176)
	at org.testng.TestNG.runSuitesLocally(TestNG.java:1101)
	at org.testng.TestNG.run(TestNG.java:1009)
	at org.testng.remote.RemoteTestNG.run(RemoteTestNG.java:111)
	at org.testng.remote.RemoteTestNG.initAndRun(RemoteTestNG.java:204)
	at org.testng.remote.RemoteTestNG.main(RemoteTestNG.java:175)
]]>
            </full-stacktrace>
          </exception> <!-- ListIsEmptyException -->
          <reporter-output>
          </reporter-output>
        </test-method> <!-- maxInd_0 -->
        <test-method status="PASS" signature="maxInd_1(EList)[pri:0, instance:EListTestNG@7badb8c8]" name="maxInd_1" duration-ms="8" started-at="2015-08-13T19:45:50Z" data-provider="getData" finished-at="2015-08-13T19:45:50Z">
          <params>
            <param index="0">
              <value>
                <![CDATA[AList0@6117e6b6]]>
              </value>
            </param>
          </params>
          <reporter-output>
          </reporter-output>
        </test-method> <!-- maxInd_1 -->
        <test-method status="PASS" signature="maxInd_1(EList)[pri:0, instance:EListTestNG@7badb8c8]" name="maxInd_1" duration-ms="9" started-at="2015-08-13T19:45:50Z" data-provider="getData" finished-at="2015-08-13T19:45:50Z">
          <params>
            <param index="0">
              <value>
                <![CDATA[AList1@260d563d]]>
              </value>
            </param>
          </params>
          <reporter-output>
          </reporter-output>
        </test-method> <!-- maxInd_1 -->
        <test-method status="PASS" signature="maxInd_1(EList)[pri:0, instance:EListTestNG@7badb8c8]" name="maxInd_1" duration-ms="0" started-at="2015-08-13T19:45:50Z" data-provider="getData" finished-at="2015-08-13T19:45:50Z">
          <params>
            <param index="0">
              <value>
                <![CDATA[AList2@65010ce3]]>
              </value>
            </param>
          </params>
          <reporter-output>
          </reporter-output>
        </test-method> <!-- maxInd_1 -->
        <test-method status="PASS" signature="maxInd_1(EList)[pri:0, instance:EListTestNG@7badb8c8]" name="maxInd_1" duration-ms="1" started-at="2015-08-13T19:45:50Z" data-provider="getData" finished-at="2015-08-13T19:45:50Z">
          <params>
            <param index="0">
              <value>
                <![CDATA[LList1@a58d300]]>
              </value>
            </param>
          </params>
          <reporter-output>
          </reporter-output>
        </test-method> <!-- maxInd_1 -->
        <test-method status="PASS" signature="maxInd_1(EList)[pri:0, instance:EListTestNG@7badb8c8]" name="maxInd_1" duration-ms="0" started-at="2015-08-13T19:45:50Z" data-provider="getData" finished-at="2015-08-13T19:45:50Z">
          <params>
            <param index="0">
              <value>
                <![CDATA[LList2@35af4d51]]>
              </value>
            </param>
          </params>
          <reporter-output>
          </reporter-output>
        </test-method> <!-- maxInd_1 -->
        <test-method status="PASS" signature="maxInd_2(EList)[pri:0, instance:EListTestNG@7badb8c8]" name="maxInd_2" duration-ms="1" started-at="2015-08-13T19:45:50Z" data-provider="getData" finished-at="2015-08-13T19:45:50Z">
          <params>
            <param index="0">
              <value>
                <![CDATA[AList0@440149a7]]>
              </value>
            </param>
          </params>
          <reporter-output>
          </reporter-output>
        </test-method> <!-- maxInd_2 -->
        <test-method status="PASS" signature="maxInd_2(EList)[pri:0, instance:EListTestNG@7badb8c8]" name="maxInd_2" duration-ms="0" started-at="2015-08-13T19:45:50Z" data-provider="getData" finished-at="2015-08-13T19:45:50Z">
          <params>
            <param index="0">
              <value>
                <![CDATA[AList1@3fe743ba]]>
              </value>
            </param>
          </params>
          <reporter-output>
          </reporter-output>
        </test-method> <!-- maxInd_2 -->
        <test-method status="PASS" signature="maxInd_2(EList)[pri:0, instance:EListTestNG@7badb8c8]" name="maxInd_2" duration-ms="0" started-at="2015-08-13T19:45:50Z" data-provider="getData" finished-at="2015-08-13T19:45:50Z">
          <params>
            <param index="0">
              <value>
                <![CDATA[AList2@6a812a5d]]>
              </value>
            </param>
          </params>
          <reporter-output>
          </reporter-output>
        </test-method> <!-- maxInd_2 -->
        <test-method status="PASS" signature="maxInd_2(EList)[pri:0, instance:EListTestNG@7badb8c8]" name="maxInd_2" duration-ms="1" started-at="2015-08-13T19:45:50Z" data-provider="getData" finished-at="2015-08-13T19:45:50Z">
          <params>
            <param index="0">
              <value>
                <![CDATA[LList1@4fa3c06e]]>
              </value>
            </param>
          </params>
          <reporter-output>
          </reporter-output>
        </test-method> <!-- maxInd_2 -->
        <test-method status="PASS" signature="maxInd_2(EList)[pri:0, instance:EListTestNG@7badb8c8]" name="maxInd_2" duration-ms="0" started-at="2015-08-13T19:45:50Z" data-provider="getData" finished-at="2015-08-13T19:45:50Z">
          <params>
            <param index="0">
              <value>
                <![CDATA[LList2@362ae278]]>
              </value>
            </param>
          </params>
          <reporter-output>
          </reporter-output>
        </test-method> <!-- maxInd_2 -->
        <test-method status="PASS" signature="maxInd_many_8(EList)[pri:0, instance:EListTestNG@7badb8c8]" name="maxInd_many_8" duration-ms="1" started-at="2015-08-13T19:45:50Z" data-provider="getData" finished-at="2015-08-13T19:45:50Z">
          <params>
            <param index="0">
              <value>
                <![CDATA[AList0@2303b1e4]]>
              </value>
            </param>
          </params>
          <reporter-output>
          </reporter-output>
        </test-method> <!-- maxInd_many_8 -->
        <test-method status="PASS" signature="maxInd_many_8(EList)[pri:0, instance:EListTestNG@7badb8c8]" name="maxInd_many_8" duration-ms="1" started-at="2015-08-13T19:45:50Z" data-provider="getData" finished-at="2015-08-13T19:45:50Z">
          <params>
            <param index="0">
              <value>
                <![CDATA[AList1@76d697d9]]>
              </value>
            </param>
          </params>
          <reporter-output>
          </reporter-output>
        </test-method> <!-- maxInd_many_8 -->
        <test-method status="PASS" signature="maxInd_many_8(EList)[pri:0, instance:EListTestNG@7badb8c8]" name="maxInd_many_8" duration-ms="1" started-at="2015-08-13T19:45:50Z" data-provider="getData" finished-at="2015-08-13T19:45:50Z">
          <params>
            <param index="0">
              <value>
                <![CDATA[AList2@2e02d862]]>
              </value>
            </param>
          </params>
          <reporter-output>
          </reporter-output>
        </test-method> <!-- maxInd_many_8 -->
        <test-method status="PASS" signature="maxInd_many_8(EList)[pri:0, instance:EListTestNG@7badb8c8]" name="maxInd_many_8" duration-ms="1" started-at="2015-08-13T19:45:50Z" data-provider="getData" finished-at="2015-08-13T19:45:50Z">
          <params>
            <param index="0">
              <value>
                <![CDATA[LList1@3a0637d6]]>
              </value>
            </param>
          </params>
          <reporter-output>
          </reporter-output>
        </test-method> <!-- maxInd_many_8 -->
        <test-method status="PASS" signature="maxInd_many_8(EList)[pri:0, instance:EListTestNG@7badb8c8]" name="maxInd_many_8" duration-ms="1" started-at="2015-08-13T19:45:50Z" data-provider="getData" finished-at="2015-08-13T19:45:50Z">
          <params>
            <param index="0">
              <value>
                <![CDATA[LList2@2124532]]>
              </value>
            </param>
          </params>
          <reporter-output>
          </reporter-output>
        </test-method> <!-- maxInd_many_8 -->
        <test-method status="FAIL" signature="maxInd_null(EList)[pri:0, instance:EListTestNG@7badb8c8]" name="maxInd_null" duration-ms="26" started-at="2015-08-13T19:45:50Z" data-provider="getData" finished-at="2015-08-13T19:45:50Z">
          <params>
            <param index="0">
              <value>
                <![CDATA[AList0@7c8b3bd8]]>
              </value>
            </param>
          </params>
          <exception class="ListIsEmptyException">
            <full-stacktrace>
              <![CDATA[ListIsEmptyException
	at AList0.maxInd(AList0.java:213)
	at EListTestNG.maxInd_null(EListTestNG.java:680)
	at sun.reflect.NativeMethodAccessorImpl.invoke0(Native Method)
	at sun.reflect.NativeMethodAccessorImpl.invoke(Unknown Source)
	at sun.reflect.DelegatingMethodAccessorImpl.invoke(Unknown Source)
	at java.lang.reflect.Method.invoke(Unknown Source)
	at org.testng.internal.MethodInvocationHelper.invokeMethod(MethodInvocationHelper.java:85)
	at org.testng.internal.Invoker.invokeMethod(Invoker.java:648)
	at org.testng.internal.Invoker.invokeTestMethod(Invoker.java:834)
	at org.testng.internal.Invoker.invokeTestMethods(Invoker.java:1142)
	at org.testng.internal.TestMethodWorker.invokeTestMethods(TestMethodWorker.java:124)
	at org.testng.internal.TestMethodWorker.run(TestMethodWorker.java:108)
	at org.testng.TestRunner.privateRun(TestRunner.java:771)
	at org.testng.TestRunner.run(TestRunner.java:621)
	at org.testng.SuiteRunner.runTest(SuiteRunner.java:357)
	at org.testng.SuiteRunner.runSequentially(SuiteRunner.java:352)
	at org.testng.SuiteRunner.privateRun(SuiteRunner.java:310)
	at org.testng.SuiteRunner.run(SuiteRunner.java:259)
	at org.testng.SuiteRunnerWorker.runSuite(SuiteRunnerWorker.java:52)
	at org.testng.SuiteRunnerWorker.run(SuiteRunnerWorker.java:86)
	at org.testng.TestNG.runSuitesSequentially(TestNG.java:1176)
	at org.testng.TestNG.runSuitesLocally(TestNG.java:1101)
	at org.testng.TestNG.run(TestNG.java:1009)
	at org.testng.remote.RemoteTestNG.run(RemoteTestNG.java:111)
	at org.testng.remote.RemoteTestNG.initAndRun(RemoteTestNG.java:204)
	at org.testng.remote.RemoteTestNG.main(RemoteTestNG.java:175)
]]>
            </full-stacktrace>
          </exception> <!-- ListIsEmptyException -->
          <reporter-output>
          </reporter-output>
        </test-method> <!-- maxInd_null -->
        <test-method status="FAIL" signature="maxInd_null(EList)[pri:0, instance:EListTestNG@7badb8c8]" name="maxInd_null" duration-ms="1" started-at="2015-08-13T19:45:50Z" data-provider="getData" finished-at="2015-08-13T19:45:50Z">
          <params>
            <param index="0">
              <value>
                <![CDATA[AList1@7b4fc6e4]]>
              </value>
            </param>
          </params>
          <exception class="ListIsEmptyException">
            <full-stacktrace>
              <![CDATA[ListIsEmptyException
	at AList1.maxInd(AList1.java:222)
	at EListTestNG.maxInd_null(EListTestNG.java:680)
	at sun.reflect.NativeMethodAccessorImpl.invoke0(Native Method)
	at sun.reflect.NativeMethodAccessorImpl.invoke(Unknown Source)
	at sun.reflect.DelegatingMethodAccessorImpl.invoke(Unknown Source)
	at java.lang.reflect.Method.invoke(Unknown Source)
	at org.testng.internal.MethodInvocationHelper.invokeMethod(MethodInvocationHelper.java:85)
	at org.testng.internal.Invoker.invokeMethod(Invoker.java:648)
	at org.testng.internal.Invoker.invokeTestMethod(Invoker.java:834)
	at org.testng.internal.Invoker.invokeTestMethods(Invoker.java:1142)
	at org.testng.internal.TestMethodWorker.invokeTestMethods(TestMethodWorker.java:124)
	at org.testng.internal.TestMethodWorker.run(TestMethodWorker.java:108)
	at org.testng.TestRunner.privateRun(TestRunner.java:771)
	at org.testng.TestRunner.run(TestRunner.java:621)
	at org.testng.SuiteRunner.runTest(SuiteRunner.java:357)
	at org.testng.SuiteRunner.runSequentially(SuiteRunner.java:352)
	at org.testng.SuiteRunner.privateRun(SuiteRunner.java:310)
	at org.testng.SuiteRunner.run(SuiteRunner.java:259)
	at org.testng.SuiteRunnerWorker.runSuite(SuiteRunnerWorker.java:52)
	at org.testng.SuiteRunnerWorker.run(SuiteRunnerWorker.java:86)
	at org.testng.TestNG.runSuitesSequentially(TestNG.java:1176)
	at org.testng.TestNG.runSuitesLocally(TestNG.java:1101)
	at org.testng.TestNG.run(TestNG.java:1009)
	at org.testng.remote.RemoteTestNG.run(RemoteTestNG.java:111)
	at org.testng.remote.RemoteTestNG.initAndRun(RemoteTestNG.java:204)
	at org.testng.remote.RemoteTestNG.main(RemoteTestNG.java:175)
]]>
            </full-stacktrace>
          </exception> <!-- ListIsEmptyException -->
          <reporter-output>
          </reporter-output>
        </test-method> <!-- maxInd_null -->
        <test-method status="FAIL" signature="maxInd_null(EList)[pri:0, instance:EListTestNG@7badb8c8]" name="maxInd_null" duration-ms="1" started-at="2015-08-13T19:45:50Z" data-provider="getData" finished-at="2015-08-13T19:45:50Z">
          <params>
            <param index="0">
              <value>
                <![CDATA[AList2@2974baa]]>
              </value>
            </param>
          </params>
          <exception class="ListIsEmptyException">
            <full-stacktrace>
              <![CDATA[ListIsEmptyException
	at AList2.maxInd(AList2.java:214)
	at EListTestNG.maxInd_null(EListTestNG.java:680)
	at sun.reflect.NativeMethodAccessorImpl.invoke0(Native Method)
	at sun.reflect.NativeMethodAccessorImpl.invoke(Unknown Source)
	at sun.reflect.DelegatingMethodAccessorImpl.invoke(Unknown Source)
	at java.lang.reflect.Method.invoke(Unknown Source)
	at org.testng.internal.MethodInvocationHelper.invokeMethod(MethodInvocationHelper.java:85)
	at org.testng.internal.Invoker.invokeMethod(Invoker.java:648)
	at org.testng.internal.Invoker.invokeTestMethod(Invoker.java:834)
	at org.testng.internal.Invoker.invokeTestMethods(Invoker.java:1142)
	at org.testng.internal.TestMethodWorker.invokeTestMethods(TestMethodWorker.java:124)
	at org.testng.internal.TestMethodWorker.run(TestMethodWorker.java:108)
	at org.testng.TestRunner.privateRun(TestRunner.java:771)
	at org.testng.TestRunner.run(TestRunner.java:621)
	at org.testng.SuiteRunner.runTest(SuiteRunner.java:357)
	at org.testng.SuiteRunner.runSequentially(SuiteRunner.java:352)
	at org.testng.SuiteRunner.privateRun(SuiteRunner.java:310)
	at org.testng.SuiteRunner.run(SuiteRunner.java:259)
	at org.testng.SuiteRunnerWorker.runSuite(SuiteRunnerWorker.java:52)
	at org.testng.SuiteRunnerWorker.run(SuiteRunnerWorker.java:86)
	at org.testng.TestNG.runSuitesSequentially(TestNG.java:1176)
	at org.testng.TestNG.runSuitesLocally(TestNG.java:1101)
	at org.testng.TestNG.run(TestNG.java:1009)
	at org.testng.remote.RemoteTestNG.run(RemoteTestNG.java:111)
	at org.testng.remote.RemoteTestNG.initAndRun(RemoteTestNG.java:204)
	at org.testng.remote.RemoteTestNG.main(RemoteTestNG.java:175)
]]>
            </full-stacktrace>
          </exception> <!-- ListIsEmptyException -->
          <reporter-output>
          </reporter-output>
        </test-method> <!-- maxInd_null -->
        <test-method status="FAIL" signature="maxInd_null(EList)[pri:0, instance:EListTestNG@7badb8c8]" name="maxInd_null" duration-ms="8" started-at="2015-08-13T19:45:50Z" data-provider="getData" finished-at="2015-08-13T19:45:50Z">
          <params>
            <param index="0">
              <value>
                <![CDATA[LList1@70f881ed]]>
              </value>
            </param>
          </params>
          <exception class="ListIsEmptyException">
            <full-stacktrace>
              <![CDATA[ListIsEmptyException
	at LList1.maxInd(LList1.java:266)
	at EListTestNG.maxInd_null(EListTestNG.java:680)
	at sun.reflect.NativeMethodAccessorImpl.invoke0(Native Method)
	at sun.reflect.NativeMethodAccessorImpl.invoke(Unknown Source)
	at sun.reflect.DelegatingMethodAccessorImpl.invoke(Unknown Source)
	at java.lang.reflect.Method.invoke(Unknown Source)
[...]
            <param index="0">
              <value>
                <![CDATA[LList2@e837986]]>
              </value>
            </param>
          </params>
          <reporter-output>
          </reporter-output>
        </test-method> <!-- testaddPos_0 -->
        <test-method status="PASS" signature="testaddPos_1(EList)[pri:0, instance:EListTestNG@7badb8c8]" name="testaddPos_1" duration-ms="1" started-at="2015-08-13T19:45:53Z" data-provider="getData" finished-at="2015-08-13T19:45:53Z">
          <params>
            <param index="0">
              <value>
                <![CDATA[AList0@1cda7939]]>
              </value>
            </param>
          </params>
          <reporter-output>
          </reporter-output>
        </test-method> <!-- testaddPos_1 -->
        <test-method status="PASS" signature="testaddPos_1(EList)[pri:0, instance:EListTestNG@7badb8c8]" name="testaddPos_1" duration-ms="1" started-at="2015-08-13T19:45:53Z" data-provider="getData" finished-at="2015-08-13T19:45:53Z">
          <params>
            <param index="0">
              <value>
                <![CDATA[AList1@38a88c32]]>
              </value>
            </param>
          </params>
          <reporter-output>
          </reporter-output>
        </test-method> <!-- testaddPos_1 -->
        <test-method status="PASS" signature="testaddPos_1(EList)[pri:0, instance:EListTestNG@7badb8c8]" name="testaddPos_1" duration-ms="6" started-at="2015-08-13T19:45:53Z" data-provider="getData" finished-at="2015-08-13T19:45:53Z">
          <params>
            <param index="0">
              <value>
                <![CDATA[AList2@6fe03f3b]]>
              </value>
            </param>
          </params>
          <reporter-output>
          </reporter-output>
        </test-method> <!-- testaddPos_1 -->
        <test-method status="PASS" signature="testaddPos_1(EList)[pri:0, instance:EListTestNG@7badb8c8]" name="testaddPos_1" duration-ms="1" started-at="2015-08-13T19:45:53Z" data-provider="getData" finished-at="2015-08-13T19:45:53Z">
          <params>
            <param index="0">
              <value>
                <![CDATA[LList1@7ecdc69b]]>
              </value>
            </param>
          </params>
          <reporter-output>
          </reporter-output>
        </test-method> <!-- testaddPos_1 -->
        <test-method status="PASS" signature="testaddPos_1(EList)[pri:0, instance:EListTestNG@7badb8c8]" name="testaddPos_1" duration-ms="0" started-at="2015-08-13T19:45:53Z" data-provider="getData" finished-at="2015-08-13T19:45:53Z">
          <params>
            <param index="0">
              <value>
                <![CDATA[LList2@19d0f32d]]>
              </value>
            </param>
          </params>
          <reporter-output>
          </reporter-output>
        </test-method> <!-- testaddPos_1 -->
        <test-method status="PASS" signature="testaddPos_2(EList)[pri:0, instance:EListTestNG@7badb8c8]" name="testaddPos_2" duration-ms="0" started-at="2015-08-13T19:45:53Z" data-provider="getData" finished-at="2015-08-13T19:45:53Z">
          <params>
            <param index="0">
              <value>
                <![CDATA[AList0@539b2f32]]>
              </value>
            </param>
          </params>
          <reporter-output>
          </reporter-output>
        </test-method> <!-- testaddPos_2 -->
        <test-method status="PASS" signature="testaddPos_2(EList)[pri:0, instance:EListTestNG@7badb8c8]" name="testaddPos_2" duration-ms="1" started-at="2015-08-13T19:45:53Z" data-provider="getData" finished-at="2015-08-13T19:45:53Z">
          <params>
            <param index="0">
              <value>
                <![CDATA[AList1@885e019]]>
              </value>
            </param>
          </params>
          <reporter-output>
          </reporter-output>
        </test-method> <!-- testaddPos_2 -->
        <test-method status="PASS" signature="testaddPos_2(EList)[pri:0, instance:EListTestNG@7badb8c8]" name="testaddPos_2" duration-ms="0" started-at="2015-08-13T19:45:53Z" data-provider="getData" finished-at="2015-08-13T19:45:53Z">
          <params>
            <param index="0">
              <value>
                <![CDATA[AList2@5ec02dac]]>
              </value>
            </param>
          </params>
          <reporter-output>
          </reporter-output>
        </test-method> <!-- testaddPos_2 -->
        <test-method status="PASS" signature="testaddPos_2(EList)[pri:0, instance:EListTestNG@7badb8c8]" name="testaddPos_2" duration-ms="14" started-at="2015-08-13T19:45:53Z" data-provider="getData" finished-at="2015-08-13T19:45:53Z">
          <params>
            <param index="0">
              <value>
                <![CDATA[LList2@1fd25ec5]]>
              </value>
            </param>
          </params>
          <reporter-output>
          </reporter-output>
        </test-method> <!-- testaddPos_2 -->
        <test-method status="PASS" signature="testaddPos_2(EList)[pri:0, instance:EListTestNG@7badb8c8]" name="testaddPos_2" duration-ms="0" started-at="2015-08-13T19:45:53Z" data-provider="getData" finished-at="2015-08-13T19:45:53Z">
          <params>
            <param index="0">
              <value>
                <![CDATA[LList1@f44809c]]>
              </value>
            </param>
          </params>
          <reporter-output>
          </reporter-output>
        </test-method> <!-- testaddPos_2 -->
        <test-method status="PASS" signature="testaddPos_many(EList)[pri:0, instance:EListTestNG@7badb8c8]" name="testaddPos_many" duration-ms="0" started-at="2015-08-13T19:45:53Z" data-provider="getData" finished-at="2015-08-13T19:45:53Z">
          <params>
            <param index="0">
              <value>
                <![CDATA[AList0@42b3eff7]]>
              </value>
            </param>
          </params>
          <reporter-output>
          </reporter-output>
        </test-method> <!-- testaddPos_many -->
        <test-method status="PASS" signature="testaddPos_many(EList)[pri:0, instance:EListTestNG@7badb8c8]" name="testaddPos_many" duration-ms="0" started-at="2015-08-13T19:45:53Z" data-provider="getData" finished-at="2015-08-13T19:45:53Z">
          <params>
            <param index="0">
              <value>
                <![CDATA[AList1@711fcaf6]]>
              </value>
            </param>
          </params>
          <reporter-output>
          </reporter-output>
        </test-method> <!-- testaddPos_many -->
        <test-method status="PASS" signature="testaddPos_many(EList)[pri:0, instance:EListTestNG@7badb8c8]" name="testaddPos_many" duration-ms="1" started-at="2015-08-13T19:45:53Z" data-provider="getData" finished-at="2015-08-13T19:45:53Z">
          <params>
            <param index="0">
              <value>
                <![CDATA[AList2@4f106738]]>
              </value>
            </param>
          </params>
          <reporter-output>
          </reporter-output>
        </test-method> <!-- testaddPos_many -->
        <test-method status="PASS" signature="testaddPos_many(EList)[pri:0, instance:EListTestNG@7badb8c8]" name="testaddPos_many" duration-ms="1" started-at="2015-08-13T19:45:53Z" data-provider="getData" finished-at="2015-08-13T19:45:53Z">
          <params>
            <param index="0">
              <value>
                <![CDATA[LList1@7b527b7a]]>
              </value>
            </param>
          </params>
          <reporter-output>
          </reporter-output>
        </test-method> <!-- testaddPos_many -->
        <test-method status="PASS" signature="testaddPos_many(EList)[pri:0, instance:EListTestNG@7badb8c8]" name="testaddPos_many" duration-ms="1" started-at="2015-08-13T19:45:53Z" data-provider="getData" finished-at="2015-08-13T19:45:53Z">
          <params>
            <param index="0">
              <value>
                <![CDATA[LList2@2529c051]]>
              </value>
            </param>
          </params>
          <reporter-output>
          </reporter-output>
        </test-method> <!-- testaddPos_many -->
        <test-method status="FAIL" signature="testaddPos_null(EList)[pri:0, instance:EListTestNG@7badb8c8]" name="testaddPos_null" duration-ms="0" started-at="2015-08-13T19:45:53Z" data-provider="getData" finished-at="2015-08-13T19:45:53Z">
          <params>
            <param index="0">
              <value>
                <![CDATA[AList0@52308be6]]>
              </value>
            </param>
          </params>
          <exception class="ListIsEmptyException">
            <full-stacktrace>
              <![CDATA[ListIsEmptyException
	at AList0.addPos(AList0.java:89)
	at EListTestNG.testaddPos_null(EListTestNG.java:318)
	at sun.reflect.NativeMethodAccessorImpl.invoke0(Native Method)
	at sun.reflect.NativeMethodAccessorImpl.invoke(Unknown Source)
	at sun.reflect.DelegatingMethodAccessorImpl.invoke(Unknown Source)
	at java.lang.reflect.Method.invoke(Unknown Source)
	at org.testng.internal.MethodInvocationHelper.invokeMethod(MethodInvocationHelper.java:85)
	at org.testng.internal.Invoker.invokeMethod(Invoker.java:648)
	at org.testng.internal.Invoker.invokeTestMethod(Invoker.java:834)
	at org.testng.internal.Invoker.invokeTestMethods(Invoker.java:1142)
	at org.testng.internal.TestMethodWorker.invokeTestMethods(TestMethodWorker.java:124)
	at org.testng.internal.TestMethodWorker.run(TestMethodWorker.java:108)
	at org.testng.TestRunner.privateRun(TestRunner.java:771)
	at org.testng.TestRunner.run(TestRunner.java:621)
	at org.testng.SuiteRunner.runTest(SuiteRunner.java:357)
	at org.testng.SuiteRunner.runSequentially(SuiteRunner.java:352)
	at org.testng.SuiteRunner.privateRun(SuiteRunner.java:310)
	at org.testng.SuiteRunner.run(SuiteRunner.java:259)
	at org.testng.SuiteRunnerWorker.runSuite(SuiteRunnerWorker.java:52)
	at org.testng.SuiteRunnerWorker.run(SuiteRunnerWorker.java:86)
	at org.testng.TestNG.runSuitesSequentially(TestNG.java:1176)
	at org.testng.TestNG.runSuitesLocally(TestNG.java:1101)
	at org.testng.TestNG.run(TestNG.java:1009)
	at org.testng.remote.RemoteTestNG.run(RemoteTestNG.java:111)
	at org.testng.remote.RemoteTestNG.initAndRun(RemoteTestNG.java:204)
	at org.testng.remote.RemoteTestNG.main(RemoteTestNG.java:175)
]]>
            </full-stacktrace>
          </exception> <!-- ListIsEmptyException -->
          <reporter-output>
          </reporter-output>
        </test-method> <!-- testaddPos_null -->
        <test-method status="FAIL" signature="testaddPos_null(EList)[pri:0, instance:EListTestNG@7badb8c8]" name="testaddPos_null" duration-ms="1" started-at="2015-08-13T19:45:53Z" data-provider="getData" finished-at="2015-08-13T19:45:53Z">
          <params>
            <param index="0">
              <value>
                <![CDATA[AList1@2f3ca4d1]]>
              </value>
            </param>
          </params>
          <exception class="ListIsEmptyException">
            <full-stacktrace>
              <![CDATA[ListIsEmptyException
	at AList1.addPos(AList1.java:107)
	at EListTestNG.testaddPos_null(EListTestNG.java:318)
	at sun.reflect.NativeMethodAccessorImpl.invoke0(Native Method)
	at sun.reflect.NativeMethodAccessorImpl.invoke(Unknown Source)
	at sun.reflect.DelegatingMethodAccessorImpl.invoke(Unknown Source)
	at java.lang.reflect.Method.invoke(Unknown Source)
	at org.testng.internal.MethodInvocationHelper.invokeMethod(MethodInvocationHelper.java:85)
	at org.testng.internal.Invoker.invokeMethod(Invoker.java:648)
	at org.testng.internal.Invoker.invokeTestMethod(Invoker.java:834)
	at org.testng.internal.Invoker.invokeTestMethods(Invoker.java:1142)
	at org.testng.internal.TestMethodWorker.invokeTestMethods(TestMethodWorker.java:124)
	at org.testng.internal.TestMethodWorker.run(TestMethodWorker.java:108)
	at org.testng.TestRunner.privateRun(TestRunner.java:771)
	at org.testng.TestRunner.run(TestRunner.java:621)
	at org.testng.SuiteRunner.runTest(SuiteRunner.java:357)
	at org.testng.SuiteRunner.runSequentially(SuiteRunner.java:352)
	at org.testng.SuiteRunner.privateRun(SuiteRunner.java:310)
	at org.testng.SuiteRunner.run(SuiteRunner.java:259)
	at org.testng.SuiteRunnerWorker.runSuite(SuiteRunnerWorker.java:52)
	at org.testng.SuiteRunnerWorker.run(SuiteRunnerWorker.java:86)
	at org.testng.TestNG.runSuitesSequentially(TestNG.java:1176)
	at org.testng.TestNG.runSuitesLocally(TestNG.java:1101)
	at org.testng.TestNG.run(TestNG.java:1009)
	at org.testng.remote.RemoteTestNG.run(RemoteTestNG.java:111)
	at org.testng.remote.RemoteTestNG.initAndRun(RemoteTestNG.java:204)
	at org.testng.remote.RemoteTestNG.main(RemoteTestNG.java:175)
]]>
            </full-stacktrace>
          </exception> <!-- ListIsEmptyException -->
          <reporter-output>
          </reporter-output>
        </test-method> <!-- testaddPos_null -->
        <test-method status="FAIL" signature="testaddPos_null(EList)[pri:0, instance:EListTestNG@7badb8c8]" name="testaddPos_null" duration-ms="1" started-at="2015-08-13T19:45:53Z" data-provider="getData" finished-at="2015-08-13T19:45:53Z">
          <params>
            <param index="0">
              <value>
                <![CDATA[AList2@3588d364]]>
              </value>
            </param>
          </params>
          <exception class="ListIsEmptyException">
            <full-stacktrace>
              <![CDATA[ListIsEmptyException
	at AList2.addPos(AList2.java:101)
	at EListTestNG.testaddPos_null(EListTestNG.java:318)
	at sun.reflect.NativeMethodAccessorImpl.invoke0(Native Method)
	at sun.reflect.NativeMethodAccessorImpl.invoke(Unknown Source)
	at sun.reflect.DelegatingMethodAccessorImpl.invoke(Unknown Source)
	at java.lang.reflect.Method.invoke(Unknown Source)
	at org.testng.internal.MethodInvocationHelper.invokeMethod(MethodInvocationHelper.java:85)
	at org.testng.internal.Invoker.invokeMethod(Invoker.java:648)
	at org.testng.internal.Invoker.invokeTestMethod(Invoker.java:834)
	at org.testng.internal.Invoker.invokeTestMethods(Invoker.java:1142)
	at org.testng.internal.TestMethodWorker.invokeTestMethods(TestMethodWorker.java:124)
	at org.testng.internal.TestMethodWorker.run(TestMethodWorker.java:108)
	at org.testng.TestRunner.privateRun(TestRunner.java:771)
	at org.testng.TestRunner.run(TestRunner.java:621)
	at org.testng.SuiteRunner.runTest(SuiteRunner.java:357)
	at org.testng.SuiteRunner.runSequentially(SuiteRunner.java:352)
	at org.testng.SuiteRunner.privateRun(SuiteRunner.java:310)
	at org.testng.SuiteRunner.run(SuiteRunner.java:259)
	at org.testng.SuiteRunnerWorker.runSuite(SuiteRunnerWorker.java:52)
	at org.testng.SuiteRunnerWorker.run(SuiteRunnerWorker.java:86)
	at org.testng.TestNG.runSuitesSequentially(TestNG.java:1176)
	at org.testng.TestNG.runSuitesLocally(TestNG.java:1101)
	at org.testng.TestNG.run(TestNG.java:1009)
	at org.testng.remote.RemoteTestNG.run(RemoteTestNG.java:111)
	at org.testng.remote.RemoteTestNG.initAndRun(RemoteTestNG.java:204)
	at org.testng.remote.RemoteTestNG.main(RemoteTestNG.java:175)
]]>
            </full-stacktrace>
          </exception> <!-- ListIsEmptyException -->
          <reporter-output>
          </reporter-output>
        </test-method> <!-- testaddPos_null -->
        <test-method status="FAIL" signature="testaddPos_null(EList)[pri:0, instance:EListTestNG@7badb8c8]" name="testaddPos_null" duration-ms="1" started-at="2015-08-13T19:45:53Z" data-provider="getData" finished-at="2015-08-13T19:45:53Z">
          <params>
            <param index="0">
              <value>
                <![CDATA[LList1@203822fc]]>
              </value>
            </param>
          </params>
          <exception class="ListIsEmptyException">
            <full-stacktrace>
              <![CDATA[ListIsEmptyException
	at LList1.addPos(LList1.java:100)
	at EListTestNG.testaddPos_null(EListTestNG.java:318)
	at sun.reflect.NativeMethodAccessorImpl.invoke0(Native Method)
	at sun.reflect.NativeMethodAccessorImpl.invoke(Unknown Source)
	at sun.reflect.DelegatingMethodAccessorImpl.invoke(Unknown Source)
	at java.lang.reflect.Method.invoke(Unknown Source)
	at org.testng.internal.MethodInvocationHelper.invokeMethod(MethodInvocationHelper.java:85)
	at org.testng.internal.Invoker.invokeMethod(Invoker.java:648)
	at org.testng.internal.Invoker.invokeTestMethod(Invoker.java:834)
	at org.testng.internal.Invoker.invokeTestMethods(Invoker.java:1142)
	at org.testng.internal.TestMethodWorker.invokeTestMethods(TestMethodWorker.java:124)
	at org.testng.internal.TestMethodWorker.run(TestMethodWorker.java:108)
	at org.testng.TestRunner.privateRun(TestRunner.java:771)
	at org.testng.TestRunner.run(TestRunner.java:621)
	at org.testng.SuiteRunner.runTest(SuiteRunner.java:357)
	at org.testng.SuiteRunner.runSequentially(SuiteRunner.java:352)
	at org.testng.SuiteRunner.privateRun(SuiteRunner.java:310)
	at org.testng.SuiteRunner.run(SuiteRunner.java:259)
	at org.testng.SuiteRunnerWorker.runSuite(SuiteRunnerWorker.java:52)
	at org.testng.SuiteRunnerWorker.run(SuiteRunnerWorker.java:86)
	at org.testng.TestNG.runSuitesSequentially(TestNG.java:1176)
	at org.testng.TestNG.runSuitesLocally(TestNG.java:1101)
	at org.testng.TestNG.run(TestNG.java:1009)
	at org.testng.remote.RemoteTestNG.run(RemoteTestNG.java:111)
	at org.testng.remote.RemoteTestNG.initAndRun(RemoteTestNG.java:204)
	at org.testng.remote.RemoteTestNG.main(RemoteTestNG.java:175)
]]>
            </full-stacktrace>
          </exception> <!-- ListIsEmptyException -->
          <reporter-output>
          </reporter-output>
        </test-method> <!-- testaddPos_null -->
        <test-method status="PASS" signature="testaddPos_null(EList)[pri:0, instance:EListTestNG@7badb8c8]" name="testaddPos_null" duration-ms="0" started-at="2015-08-13T19:45:53Z" data-provider="getData" finished-at="2015-08-13T19:45:53Z">
          <params>
            <param index="0">
              <value>
                <![CDATA[LList2@55a2e547]]>
              </value>
            </param>
          </params>
          <exception class="java.lang.NullPointerException">
            <full-stacktrace>
              <![CDATA[java.lang.NullPointerException
	at LList2.init(LList2.java:27)
	at EListTestNG.testaddPos_null(EListTestNG.java:317)
	at sun.reflect.NativeMethodAccessorImpl.invoke0(Native Method)
	at sun.reflect.NativeMethodAccessorImpl.invoke(Unknown Source)
	at sun.reflect.DelegatingMethodAccessorImpl.invoke(Unknown Source)
	at java.lang.reflect.Method.invoke(Unknown Source)
	at org.testng.internal.MethodInvocationHelper.invokeMethod(MethodInvocationHelper.java:85)
	at org.testng.internal.Invoker.invokeMethod(Invoker.java:648)
	at org.testng.internal.Invoker.invokeTestMethod(Invoker.java:834)
	at org.testng.internal.Invoker.invokeTestMethods(Invoker.java:1142)
	at org.testng.internal.TestMethodWorker.invokeTestMethods(TestMethodWorker.java:124)
	at org.testng.internal.TestMethodWorker.run(TestMethodWorker.java:108)
	at org.testng.TestRunner.privateRun(TestRunner.java:771)
	at org.testng.TestRunner.run(TestRunner.java:621)
	at org.testng.SuiteRunner.runTest(SuiteRunner.java:357)
	at org.testng.SuiteRunner.runSequentially(SuiteRunner.java:352)
	at org.testng.SuiteRunner.privateRun(SuiteRunner.java:310)
	at org.testng.SuiteRunner.run(SuiteRunner.java:259)
	at org.testng.SuiteRunnerWorker.runSuite(SuiteRunnerWorker.java:52)
	at org.testng.SuiteRunnerWorker.run(SuiteRunnerWorker.java:86)
	at org.testng.TestNG.runSuitesSequentially(TestNG.java:1176)
	at org.testng.TestNG.runSuitesLocally(TestNG.java:1101)
	at org.testng.TestNG.run(TestNG.java:1009)
	at org.testng.remote.RemoteTestNG.run(RemoteTestNG.java:111)
	at org.testng.remote.RemoteTestNG.initAndRun(RemoteTestNG.java:204)
	at org.testng.remote.RemoteTestNG.main(RemoteTestNG.java:175)
]]>
            </full-stacktrace>
          </exception> <!-- java.lang.NullPointerException -->
          <reporter-output>
          </reporter-output>
        </test-method> <!-- testaddPos_null -->
      </class> <!-- EListTestNG -->
    </test> <!-- Default test -->
  </suite> <!-- Default suite -->
</testng-results>
